2005.04.26 18:19 B U:\Src\matlab\Working\Classification\nnsysid20\batbp.m --> ftp.nsma.arizona.edu /Stephen/Src/Working/Classification/nnsysid20 batbp.m
2005.04.26 18:19 B U:\Src\matlab\Working\Classification\nnsysid20\Contents.m --> ftp.nsma.arizona.edu /Stephen/Src/Working/Classification/nnsysid20 Contents.m
2005.04.26 18:19 B U:\Src\matlab\Working\Classification\nnsysid20\crossco.m --> ftp.nsma.arizona.edu /Stephen/Src/Working/Classification/nnsysid20 crossco.m
2005.04.26 18:19 B U:\Src\matlab\Working\Classification\nnsysid20\drawnet.m --> ftp.nsma.arizona.edu /Stephen/Src/Working/Classification/nnsysid20 drawnet.m
2005.04.26 18:19 B U:\Src\matlab\Working\Classification\nnsysid20\dscale.m --> ftp.nsma.arizona.edu /Stephen/Src/Working/Classification/nnsysid20 dscale.m
2005.04.26 18:19 B U:\Src\matlab\Working\Classification\nnsysid20\fpe.m --> ftp.nsma.arizona.edu /Stephen/Src/Working/Classification/nnsysid20 fpe.m
2005.04.26 18:19 B U:\Src\matlab\Working\Classification\nnsysid20\getgrad.m --> ftp.nsma.arizona.edu /Stephen/Src/Working/Classification/nnsysid20 getgrad.m
2005.04.26 18:19 B U:\Src\matlab\Working\Classification\nnsysid20\ifvalid.m --> ftp.nsma.arizona.edu /Stephen/Src/Working/Classification/nnsysid20 ifvalid.m
2005.04.26 18:19 B U:\Src\matlab\Working\Classification\nnsysid20\igls.m --> ftp.nsma.arizona.edu /Stephen/Src/Working/Classification/nnsysid20 igls.m
2005.04.26 18:19 B U:\Src\matlab\Working\Classification\nnsysid20\incbp.m --> ftp.nsma.arizona.edu /Stephen/Src/Working/Classification/nnsysid20 incbp.m
2005.04.26 18:19 B U:\Src\matlab\Working\Classification\nnsysid20\ioleval.m --> ftp.nsma.arizona.edu /Stephen/Src/Working/Classification/nnsysid20 ioleval.m
2005.04.26 18:19 B U:\Src\matlab\Working\Classification\nnsysid20\kpredict.m --> ftp.nsma.arizona.edu /Stephen/Src/Working/Classification/nnsysid20 kpredict.m
2005.04.26 18:19 B U:\Src\matlab\Working\Classification\nnsysid20\lipschit.m --> ftp.nsma.arizona.edu /Stephen/Src/Working/Classification/nnsysid20 lipschit.m
2005.04.26 18:19 B U:\Src\matlab\Working\Classification\nnsysid20\loo.m --> ftp.nsma.arizona.edu /Stephen/Src/Working/Classification/nnsysid20 loo.m
2005.04.26 18:19 B U:\Src\matlab\Working\Classification\nnsysid20\makemex.m --> ftp.nsma.arizona.edu /Stephen/Src/Working/Classification/nnsysid20 makemex.m
2005.04.26 18:19 B U:\Src\matlab\Working\Classification\nnsysid20\marq.c --> ftp.nsma.arizona.edu /Stephen/Src/Working/Classification/nnsysid20 marq.c
2005.04.26 18:19 B U:\Src\matlab\Working\Classification\nnsysid20\marq.dll --> ftp.nsma.arizona.edu /Stephen/Src/Working/Classification/nnsysid20 marq.dll
2005.04.26 18:19 B U:\Src\matlab\Working\Classification\nnsysid20\marq.m --> ftp.nsma.arizona.edu /Stephen/Src/Working/Classification/nnsysid20 marq.m
2005.04.26 18:19 B U:\Src\matlab\Working\Classification\nnsysid20\marqlm.m --> ftp.nsma.arizona.edu /Stephen/Src/Working/Classification/nnsysid20 marqlm.m
2005.04.26 18:19 B U:\Src\matlab\Working\Classification\nnsysid20\matrix.c --> ftp.nsma.arizona.edu /Stephen/Src/Working/Classification/nnsysid20 matrix.c
2005.04.26 18:19 B U:\Src\matlab\Working\Classification\nnsysid20\matrix2.h --> ftp.nsma.arizona.edu /Stephen/Src/Working/Classification/nnsysid20 matrix2.h
2005.04.26 18:19 B U:\Src\matlab\Working\Classification\nnsysid20\netstruc.m --> ftp.nsma.arizona.edu /Stephen/Src/Working/Classification/nnsysid20 netstruc.m
2005.04.26 18:19 B U:\Src\matlab\Working\Classification\nnsysid20\nnarmax1.m --> ftp.nsma.arizona.edu /Stephen/Src/Working/Classification/nnsysid20 nnarmax1.m
2005.04.26 18:19 B U:\Src\matlab\Working\Classification\nnsysid20\nnarmax2.c --> ftp.nsma.arizona.edu /Stephen/Src/Working/Classification/nnsysid20 nnarmax2.c
2005.04.26 18:19 B U:\Src\matlab\Working\Classification\nnsysid20\nnarmax2.dll --> ftp.nsma.arizona.edu /Stephen/Src/Working/Classification/nnsysid20 nnarmax2.dll
2005.04.26 18:19 B U:\Src\matlab\Working\Classification\nnsysid20\nnarmax2.m --> ftp.nsma.arizona.edu /Stephen/Src/Working/Classification/nnsysid20 nnarmax2.m
2005.04.26 18:19 B U:\Src\matlab\Working\Classification\nnsysid20\nnarx.m --> ftp.nsma.arizona.edu /Stephen/Src/Working/Classification/nnsysid20 nnarx.m
2005.04.26 18:19 B U:\Src\matlab\Working\Classification\nnsysid20\nnarxm.m --> ftp.nsma.arizona.edu /Stephen/Src/Working/Classification/nnsysid20 nnarxm.m
2005.04.26 18:19 B U:\Src\matlab\Working\Classification\nnsysid20\nneval.m --> ftp.nsma.arizona.edu /Stephen/Src/Working/Classification/nnsysid20 nneval.m
2005.04.26 18:19 B U:\Src\matlab\Working\Classification\nnsysid20\nnfpe.m --> ftp.nsma.arizona.edu /Stephen/Src/Working/Classification/nnsysid20 nnfpe.m
2005.04.26 18:19 B U:\Src\matlab\Working\Classification\nnsysid20\nnigls.m --> ftp.nsma.arizona.edu /Stephen/Src/Working/Classification/nnsysid20 nnigls.m
2005.04.26 18:19 B U:\Src\matlab\Working\Classification\nnsysid20\nniol.m --> ftp.nsma.arizona.edu /Stephen/Src/Working/Classification/nnsysid20 nniol.m
2005.04.26 18:19 B U:\Src\matlab\Working\Classification\nnsysid20\nnloo.m --> ftp.nsma.arizona.edu /Stephen/Src/Working/Classification/nnsysid20 nnloo.m
2005.04.26 18:19 B U:\Src\matlab\Working\Classification\nnsysid20\nnmisc.c --> ftp.nsma.arizona.edu /Stephen/Src/Working/Classification/nnsysid20 nnmisc.c
2005.04.26 18:19 B U:\Src\matlab\Working\Classification\nnsysid20\nnmisc.h --> ftp.nsma.arizona.edu /Stephen/Src/Working/Classification/nnsysid20 nnmisc.h
2005.04.26 18:19 B U:\Src\matlab\Working\Classification\nnsysid20\nnoe.c --> ftp.nsma.arizona.edu /Stephen/Src/Working/Classification/nnsysid20 nnoe.c
2005.04.26 18:19 B U:\Src\matlab\Working\Classification\nnsysid20\nnoe.dll --> ftp.nsma.arizona.edu /Stephen/Src/Working/Classification/nnsysid20 nnoe.dll
2005.04.26 18:19 B U:\Src\matlab\Working\Classification\nnsysid20\nnoe.m --> ftp.nsma.arizona.edu /Stephen/Src/Working/Classification/nnsysid20 nnoe.m
2005.04.26 18:19 B U:\Src\matlab\Working\Classification\nnsysid20\nnprune.m --> ftp.nsma.arizona.edu /Stephen/Src/Working/Classification/nnsysid20 nnprune.m
2005.04.26 18:19 B U:\Src\matlab\Working\Classification\nnsysid20\nnrarmx1.m --> ftp.nsma.arizona.edu /Stephen/Src/Working/Classification/nnsysid20 nnrarmx1.m
2005.04.26 18:19 B U:\Src\matlab\Working\Classification\nnsysid20\nnrarmx2.m --> ftp.nsma.arizona.edu /Stephen/Src/Working/Classification/nnsysid20 nnrarmx2.m
2005.04.26 18:19 B U:\Src\matlab\Working\Classification\nnsysid20\nnrarx.m --> ftp.nsma.arizona.edu /Stephen/Src/Working/Classification/nnsysid20 nnrarx.m
2005.04.26 18:19 B U:\Src\matlab\Working\Classification\nnsysid20\nnsimul.m --> ftp.nsma.arizona.edu /Stephen/Src/Working/Classification/nnsysid20 nnsimul.m
2005.04.26 18:19 B U:\Src\matlab\Working\Classification\nnsysid20\nnssif.c --> ftp.nsma.arizona.edu /Stephen/Src/Working/Classification/nnsysid20 nnssif.c
2005.04.26 18:19 B U:\Src\matlab\Working\Classification\nnsysid20\nnssif.dll --> ftp.nsma.arizona.edu /Stephen/Src/Working/Classification/nnsysid20 nnssif.dll
2005.04.26 18:19 B U:\Src\matlab\Working\Classification\nnsysid20\nnssif.m --> ftp.nsma.arizona.edu /Stephen/Src/Working/Classification/nnsysid20 nnssif.m
2005.04.26 18:19 B U:\Src\matlab\Working\Classification\nnsysid20\nnvalid.m --> ftp.nsma.arizona.edu /Stephen/Src/Working/Classification/nnsysid20 nnvalid.m
2005.04.26 18:19 B U:\Src\matlab\Working\Classification\nnsysid20\obdprune.m --> ftp.nsma.arizona.edu /Stephen/Src/Working/Classification/nnsysid20 obdprune.m
2005.04.26 18:19 B U:\Src\matlab\Working\Classification\nnsysid20\obsprune.m --> ftp.nsma.arizona.edu /Stephen/Src/Working/Classification/nnsysid20 obsprune.m
2005.04.26 18:19 B U:\Src\matlab\Working\Classification\nnsysid20\pmnshow.m --> ftp.nsma.arizona.edu /Stephen/Src/Working/Classification/nnsysid20 pmnshow.m
2005.04.26 18:19 B U:\Src\matlab\Working\Classification\nnsysid20\pmntanh.m --> ftp.nsma.arizona.edu /Stephen/Src/Working/Classification/nnsysid20 pmntanh.m
2005.04.26 18:19 B U:\Src\matlab\Working\Classification\nnsysid20\README --> ftp.nsma.arizona.edu /Stephen/Src/Working/Classification/nnsysid20 README
2005.04.26 18:19 B U:\Src\matlab\Working\Classification\nnsysid20\RELEASE --> ftp.nsma.arizona.edu /Stephen/Src/Working/Classification/nnsysid20 RELEASE
2005.04.26 18:19 B U:\Src\matlab\Working\Classification\nnsysid20\rpe.m --> ftp.nsma.arizona.edu /Stephen/Src/Working/Classification/nnsysid20 rpe.m
2005.04.26 18:19 B U:\Src\matlab\Working\Classification\nnsysid20\settrain.m --> ftp.nsma.arizona.edu /Stephen/Src/Working/Classification/nnsysid20 settrain.m
2005.04.26 18:19 B U:\Src\matlab\Working\Classification\nnsysid20\solplet.asc --> ftp.nsma.arizona.edu /Stephen/Src/Working/Classification/nnsysid20 solplet.asc
2005.04.26 18:19 B U:\Src\matlab\Working\Classification\nnsysid20\test1.m --> ftp.nsma.arizona.edu /Stephen/Src/Working/Classification/nnsysid20 test1.m
2005.04.26 18:19 B U:\Src\matlab\Working\Classification\nnsysid20\test2.m --> ftp.nsma.arizona.edu /Stephen/Src/Working/Classification/nnsysid20 test2.m
2005.04.26 18:19 B U:\Src\matlab\Working\Classification\nnsysid20\test3.m --> ftp.nsma.arizona.edu /Stephen/Src/Working/Classification/nnsysid20 test3.m
2005.04.26 18:19 B U:\Src\matlab\Working\Classification\nnsysid20\test4.m --> ftp.nsma.arizona.edu /Stephen/Src/Working/Classification/nnsysid20 test4.m
2005.04.26 18:19 B U:\Src\matlab\Working\Classification\nnsysid20\test5.m --> ftp.nsma.arizona.edu /Stephen/Src/Working/Classification/nnsysid20 test5.m
2005.04.26 18:19 B U:\Src\matlab\Working\Classification\nnsysid20\test6.m --> ftp.nsma.arizona.edu /Stephen/Src/Working/Classification/nnsysid20 test6.m
2005.04.26 18:19 B U:\Src\matlab\Working\Classification\nnsysid20\test7.m --> ftp.nsma.arizona.edu /Stephen/Src/Working/Classification/nnsysid20 test7.m
2005.04.26 18:19 B U:\Src\matlab\Working\Classification\nnsysid20\wrescale.m --> ftp.nsma.arizona.edu /Stephen/Src/Working/Classification/nnsysid20 wrescale.m
2005.04.26 18:19 B U:\Src\matlab\Working\Classification\nnsysid20\xcorrel.m --> ftp.nsma.arizona.edu /Stephen/Src/Working/Classification/nnsysid20 xcorrel.m
