2005.04.26 18:20 B U:\Src\matlab\Working\IO\CR2EEG.M --> ftp.nsma.arizona.edu /Stephen/Src/Working/IO CR2EEG.M
2005.04.26 18:20 B U:\Src\matlab\Working\IO\CR2SE_chg_width.M --> ftp.nsma.arizona.edu /Stephen/Src/Working/IO CR2SE_chg_width.M
2005.04.26 18:20 B U:\Src\matlab\Working\IO\CR_to_ctsd.m --> ftp.nsma.arizona.edu /Stephen/Src/Working/IO CR_to_ctsd.m
2005.04.26 18:20 B U:\Src\matlab\Working\IO\CR_to_tsd.m --> ftp.nsma.arizona.edu /Stephen/Src/Working/IO CR_to_tsd.m
2005.04.26 18:20 B U:\Src\matlab\Working\IO\CR_to_vecs.m --> ftp.nsma.arizona.edu /Stephen/Src/Working/IO CR_to_vecs.m
2005.04.26 18:20 B U:\Src\matlab\Working\IO\Create_nlx_config_file.asv --> ftp.nsma.arizona.edu /Stephen/Src/Working/IO Create_nlx_config_file.asv
2005.04.26 18:20 B U:\Src\matlab\Working\IO\Create_nlx_config_file.m --> ftp.nsma.arizona.edu /Stephen/Src/Working/IO Create_nlx_config_file.m
2005.04.26 18:20 B U:\Src\matlab\Working\IO\Create_t_file_from_bounds.m --> ftp.nsma.arizona.edu /Stephen/Src/Working/IO Create_t_file_from_bounds.m
2005.04.26 18:20 B U:\Src\matlab\Working\IO\File_loader.m --> ftp.nsma.arizona.edu /Stephen/Src/Working/IO File_loader.m
2005.04.26 18:20 B U:\Src\matlab\Working\IO\find_active_cheetah_dir.asv --> ftp.nsma.arizona.edu /Stephen/Src/Working/IO find_active_cheetah_dir.asv
2005.04.26 18:20 B U:\Src\matlab\Working\IO\find_active_cheetah_dir.m --> ftp.nsma.arizona.edu /Stephen/Src/Working/IO find_active_cheetah_dir.m
2005.04.26 18:20 B U:\Src\matlab\Working\IO\hs_err_pid1348.log --> ftp.nsma.arizona.edu /Stephen/Src/Working/IO hs_err_pid1348.log
2005.04.26 18:20 B U:\Src\matlab\Working\IO\load_and_reduce_text_file.c --> ftp.nsma.arizona.edu /Stephen/Src/Working/IO load_and_reduce_text_file.c
2005.04.26 18:20 B U:\Src\matlab\Working\IO\Load_EEG_Block_Timestamps.m --> ftp.nsma.arizona.edu /Stephen/Src/Working/IO Load_EEG_Block_Timestamps.m
2005.04.26 18:20 B U:\Src\matlab\Working\IO\Load_file.m --> ftp.nsma.arizona.edu /Stephen/Src/Working/IO Load_file.m
2005.04.26 18:20 B U:\Src\matlab\Working\IO\Load_neurons.m --> ftp.nsma.arizona.edu /Stephen/Src/Working/IO Load_neurons.m
2005.04.26 18:20 B U:\Src\matlab\Working\IO\Load_neurons_old.m --> ftp.nsma.arizona.edu /Stephen/Src/Working/IO Load_neurons_old.m
2005.04.26 18:20 B U:\Src\matlab\Working\IO\Load_params_from_EC_config.m --> ftp.nsma.arizona.edu /Stephen/Src/Working/IO Load_params_from_EC_config.m
2005.04.26 18:20 B U:\Src\matlab\Working\IO\Load_PC_SpikeData.m --> ftp.nsma.arizona.edu /Stephen/Src/Working/IO Load_PC_SpikeData.m
2005.04.26 18:20 B U:\Src\matlab\Working\IO\Load_position.m --> ftp.nsma.arizona.edu /Stephen/Src/Working/IO Load_position.m
2005.04.26 18:20 B U:\Src\matlab\Working\IO\Load_Qs.m --> ftp.nsma.arizona.edu /Stephen/Src/Working/IO Load_Qs.m
2005.04.26 18:20 B U:\Src\matlab\Working\IO\Load_Qs_as_ts.m --> ftp.nsma.arizona.edu /Stephen/Src/Working/IO Load_Qs_as_ts.m
2005.04.26 18:20 B U:\Src\matlab\Working\IO\Load_Qts.m --> ftp.nsma.arizona.edu /Stephen/Src/Working/IO Load_Qts.m
2005.04.26 18:20 B U:\Src\matlab\Working\IO\Load_Qtsa.m --> ftp.nsma.arizona.edu /Stephen/Src/Working/IO Load_Qtsa.m
2005.04.26 18:20 B U:\Src\matlab\Working\IO\Load_Set_Info.m --> ftp.nsma.arizona.edu /Stephen/Src/Working/IO Load_Set_Info.m
2005.04.26 18:20 B U:\Src\matlab\Working\IO\Load_sleep_scores.m --> ftp.nsma.arizona.edu /Stephen/Src/Working/IO Load_sleep_scores.m
2005.04.26 18:20 B U:\Src\matlab\Working\IO\Load_SpikeData.asv --> ftp.nsma.arizona.edu /Stephen/Src/Working/IO Load_SpikeData.asv
2005.04.26 18:20 B U:\Src\matlab\Working\IO\Load_SpikeData.m --> ftp.nsma.arizona.edu /Stephen/Src/Working/IO Load_SpikeData.m
2005.04.26 18:20 B U:\Src\matlab\Working\IO\Load_spikes.m --> ftp.nsma.arizona.edu /Stephen/Src/Working/IO Load_spikes.m
2005.04.26 18:20 B U:\Src\matlab\Working\IO\load_text_file_and_reduce.m --> ftp.nsma.arizona.edu /Stephen/Src/Working/IO load_text_file_and_reduce.m
2005.04.26 18:20 B U:\Src\matlab\Working\IO\load_text_matrix.c --> ftp.nsma.arizona.edu /Stephen/Src/Working/IO load_text_matrix.c
2005.04.26 18:20 B U:\Src\matlab\Working\IO\load_text_matrix.dll --> ftp.nsma.arizona.edu /Stephen/Src/Working/IO load_text_matrix.dll
2005.04.26 18:20 B U:\Src\matlab\Working\IO\load_text_matrix.m --> ftp.nsma.arizona.edu /Stephen/Src/Working/IO load_text_matrix.m
2005.04.26 18:20 B U:\Src\matlab\Working\IO\Load_tfiles.asv --> ftp.nsma.arizona.edu /Stephen/Src/Working/IO Load_tfiles.asv
2005.04.26 18:20 B U:\Src\matlab\Working\IO\Load_tfiles.m --> ftp.nsma.arizona.edu /Stephen/Src/Working/IO Load_tfiles.m
2005.04.26 18:20 B U:\Src\matlab\Working\IO\Load_times.m --> ftp.nsma.arizona.edu /Stephen/Src/Working/IO Load_times.m
2005.04.26 18:20 B U:\Src\matlab\Working\IO\Load_ts_objects.m --> ftp.nsma.arizona.edu /Stephen/Src/Working/IO Load_ts_objects.m
2005.04.26 18:20 B U:\Src\matlab\Working\IO\Load_tstamps.m --> ftp.nsma.arizona.edu /Stephen/Src/Working/IO Load_tstamps.m
2005.04.26 18:20 B U:\Src\matlab\Working\IO\Load_Warp_SpikeData.asv --> ftp.nsma.arizona.edu /Stephen/Src/Working/IO Load_Warp_SpikeData.asv
2005.04.26 18:20 B U:\Src\matlab\Working\IO\Load_Warp_SpikeData.m --> ftp.nsma.arizona.edu /Stephen/Src/Working/IO Load_Warp_SpikeData.m
2005.04.26 18:20 B U:\Src\matlab\Working\IO\LoadSpikes.m --> ftp.nsma.arizona.edu /Stephen/Src/Working/IO LoadSpikes.m
2005.04.26 18:20 B U:\Src\matlab\Working\IO\LoadTT.m --> ftp.nsma.arizona.edu /Stephen/Src/Working/IO LoadTT.m
2005.04.26 18:20 B U:\Src\matlab\Working\IO\LoadTT0_nt.cpp --> ftp.nsma.arizona.edu /Stephen/Src/Working/IO LoadTT0_nt.cpp
2005.04.26 18:20 B U:\Src\matlab\Working\IO\LoadTT0_nt.dll --> ftp.nsma.arizona.edu /Stephen/Src/Working/IO LoadTT0_nt.dll
2005.04.26 18:20 B U:\Src\matlab\Working\IO\LoadTT0_nt.m --> ftp.nsma.arizona.edu /Stephen/Src/Working/IO LoadTT0_nt.m
2005.04.26 18:20 B U:\Src\matlab\Working\IO\Nlx_config_header.txt --> ftp.nsma.arizona.edu /Stephen/Src/Working/IO Nlx_config_header.txt
2005.04.26 18:20 B U:\Src\matlab\Working\IO\Optimal_threshold_runner.m --> ftp.nsma.arizona.edu /Stephen/Src/Working/IO Optimal_threshold_runner.m
2005.04.26 18:20 B U:\Src\matlab\Working\IO\Optimal_thresholds.m --> ftp.nsma.arizona.edu /Stephen/Src/Working/IO Optimal_thresholds.m
2005.04.26 18:20 B U:\Src\matlab\Working\IO\Read_CR_files.asv --> ftp.nsma.arizona.edu /Stephen/Src/Working/IO Read_CR_files.asv
2005.04.26 18:20 B U:\Src\matlab\Working\IO\Read_CR_files.m --> ftp.nsma.arizona.edu /Stephen/Src/Working/IO Read_CR_files.m
2005.04.26 18:20 B U:\Src\matlab\Working\IO\read_events_bower.m --> ftp.nsma.arizona.edu /Stephen/Src/Working/IO read_events_bower.m
2005.04.26 18:20 B U:\Src\matlab\Working\IO\Read_nlx_CR_files.asv --> ftp.nsma.arizona.edu /Stephen/Src/Working/IO Read_nlx_CR_files.asv
2005.04.26 18:20 B U:\Src\matlab\Working\IO\Read_nlx_CR_files.cpp --> ftp.nsma.arizona.edu /Stephen/Src/Working/IO Read_nlx_CR_files.cpp
2005.04.26 18:20 B U:\Src\matlab\Working\IO\Read_nlx_CR_files.dll --> ftp.nsma.arizona.edu /Stephen/Src/Working/IO Read_nlx_CR_files.dll
2005.04.26 18:20 B U:\Src\matlab\Working\IO\Read_nlx_CR_files_2.asv --> ftp.nsma.arizona.edu /Stephen/Src/Working/IO Read_nlx_CR_files_2.asv
2005.04.26 18:20 B U:\Src\matlab\Working\IO\Read_nlx_CR_files_2.cpp --> ftp.nsma.arizona.edu /Stephen/Src/Working/IO Read_nlx_CR_files_2.cpp
2005.04.26 18:20 B U:\Src\matlab\Working\IO\Read_nlx_CR_files_2.dll --> ftp.nsma.arizona.edu /Stephen/Src/Working/IO Read_nlx_CR_files_2.dll
2005.04.26 18:20 B U:\Src\matlab\Working\IO\Read_nlx_header.asv --> ftp.nsma.arizona.edu /Stephen/Src/Working/IO Read_nlx_header.asv
2005.04.26 18:20 B U:\Src\matlab\Working\IO\Read_nlx_header.m --> ftp.nsma.arizona.edu /Stephen/Src/Working/IO Read_nlx_header.m
2005.04.26 18:20 B U:\Src\matlab\Working\IO\ReadCR.m --> ftp.nsma.arizona.edu /Stephen/Src/Working/IO ReadCR.m
2005.04.26 18:20 B U:\Src\matlab\Working\IO\ReadCR_get_info.cpp --> ftp.nsma.arizona.edu /Stephen/Src/Working/IO ReadCR_get_info.cpp
2005.04.26 18:20 B U:\Src\matlab\Working\IO\ReadCR_get_info.dll --> ftp.nsma.arizona.edu /Stephen/Src/Working/IO ReadCR_get_info.dll
2005.04.26 18:20 B U:\Src\matlab\Working\IO\ReadCR_get_info_old.cpp --> ftp.nsma.arizona.edu /Stephen/Src/Working/IO ReadCR_get_info_old.cpp
2005.04.26 18:20 B U:\Src\matlab\Working\IO\ReadCR_nt_partial_load_old.dll --> ftp.nsma.arizona.edu /Stephen/Src/Working/IO ReadCR_nt_partial_load_old.dll
2005.04.26 18:20 B U:\Src\matlab\Working\IO\ReadCR_partial_load.cpp --> ftp.nsma.arizona.edu /Stephen/Src/Working/IO ReadCR_partial_load.cpp
2005.04.26 18:20 B U:\Src\matlab\Working\IO\ReadCR_partial_load.dll --> ftp.nsma.arizona.edu /Stephen/Src/Working/IO ReadCR_partial_load.dll
2005.04.26 18:20 B U:\Src\matlab\Working\IO\ReadCR_to_matrix.m --> ftp.nsma.arizona.edu /Stephen/Src/Working/IO ReadCR_to_matrix.m
2005.04.26 18:20 B U:\Src\matlab\Working\IO\ReadCR_tsd.m --> ftp.nsma.arizona.edu /Stephen/Src/Working/IO ReadCR_tsd.m
2005.04.26 18:20 B U:\Src\matlab\Working\IO\ReadCRold.m --> ftp.nsma.arizona.edu /Stephen/Src/Working/IO ReadCRold.m
2005.04.26 18:20 B U:\Src\matlab\Working\IO\ReadCSC_nt_partial_load_old.cpp --> ftp.nsma.arizona.edu /Stephen/Src/Working/IO ReadCSC_nt_partial_load_old.cpp
2005.04.26 18:20 B U:\Src\matlab\Working\IO\ReadHeader.m --> ftp.nsma.arizona.edu /Stephen/Src/Working/IO ReadHeader.m
2005.04.26 18:20 B U:\Src\matlab\Working\IO\ReadTT.cpp --> ftp.nsma.arizona.edu /Stephen/Src/Working/IO ReadTT.cpp
2005.04.26 18:20 B U:\Src\matlab\Working\IO\ReadTT.dll --> ftp.nsma.arizona.edu /Stephen/Src/Working/IO ReadTT.dll
2005.04.26 18:20 B U:\Src\matlab\Working\IO\ReadTT.m --> ftp.nsma.arizona.edu /Stephen/Src/Working/IO ReadTT.m
2005.04.26 18:20 B U:\Src\matlab\Working\IO\Reduce_CSC.m --> ftp.nsma.arizona.edu /Stephen/Src/Working/IO Reduce_CSC.m
2005.04.26 18:20 B U:\Src\matlab\Working\IO\Subsample_nlx_wavefile.asv --> ftp.nsma.arizona.edu /Stephen/Src/Working/IO Subsample_nlx_wavefile.asv
2005.04.26 18:20 B U:\Src\matlab\Working\IO\Subsample_nlx_wv.asv --> ftp.nsma.arizona.edu /Stephen/Src/Working/IO Subsample_nlx_wv.asv
2005.04.26 18:20 B U:\Src\matlab\Working\IO\Subsample_nlx_wv.c --> ftp.nsma.arizona.edu /Stephen/Src/Working/IO Subsample_nlx_wv.c
2005.04.26 18:20 B U:\Src\matlab\Working\IO\subsample_nlx_wv.dll --> ftp.nsma.arizona.edu /Stephen/Src/Working/IO subsample_nlx_wv.dll
2005.04.26 18:20 B U:\Src\matlab\Working\IO\Write_ascii_matrix.m --> ftp.nsma.arizona.edu /Stephen/Src/Working/IO Write_ascii_matrix.m
2005.04.26 18:20 B U:\Src\matlab\Working\IO\Write_fd_file.m --> ftp.nsma.arizona.edu /Stephen/Src/Working/IO Write_fd_file.m
2005.04.26 18:20 B U:\Src\matlab\Working\IO\Write_fd_file_original.m --> ftp.nsma.arizona.edu /Stephen/Src/Working/IO Write_fd_file_original.m
2005.04.26 18:20 B U:\Src\matlab\Working\IO\WriteHeader.m --> ftp.nsma.arizona.edu /Stephen/Src/Working/IO WriteHeader.m
