2005.04.26 18:20 B U:\Src\matlab\Working\GeneralMathAndStats\Bcomprate.m --> ftp.nsma.arizona.edu /Stephen/Src/Working/GeneralMathAndStats Bcomprate.m
2005.04.26 18:20 B U:\Src\matlab\Working\GeneralMathAndStats\block_entropy.m --> ftp.nsma.arizona.edu /Stephen/Src/Working/GeneralMathAndStats block_entropy.m
2005.04.26 18:20 B U:\Src\matlab\Working\GeneralMathAndStats\cond_entropy.m --> ftp.nsma.arizona.edu /Stephen/Src/Working/GeneralMathAndStats cond_entropy.m
2005.04.26 18:20 B U:\Src\matlab\Working\GeneralMathAndStats\confidence_plot_test.m --> ftp.nsma.arizona.edu /Stephen/Src/Working/GeneralMathAndStats confidence_plot_test.m
2005.04.26 18:20 B U:\Src\matlab\Working\GeneralMathAndStats\confplot.m --> ftp.nsma.arizona.edu /Stephen/Src/Working/GeneralMathAndStats confplot.m
2005.04.26 18:20 B U:\Src\matlab\Working\GeneralMathAndStats\corr_relf.asv --> ftp.nsma.arizona.edu /Stephen/Src/Working/GeneralMathAndStats corr_relf.asv
2005.04.26 18:20 B U:\Src\matlab\Working\GeneralMathAndStats\corr_relf.m --> ftp.nsma.arizona.edu /Stephen/Src/Working/GeneralMathAndStats corr_relf.m
2005.04.26 18:20 B U:\Src\matlab\Working\GeneralMathAndStats\Decorrelate_Matrix.m --> ftp.nsma.arizona.edu /Stephen/Src/Working/GeneralMathAndStats Decorrelate_Matrix.m
2005.04.26 18:20 B U:\Src\matlab\Working\GeneralMathAndStats\EditDist.m --> ftp.nsma.arizona.edu /Stephen/Src/Working/GeneralMathAndStats EditDist.m
2005.04.26 18:20 B U:\Src\matlab\Working\GeneralMathAndStats\entropy.m --> ftp.nsma.arizona.edu /Stephen/Src/Working/GeneralMathAndStats entropy.m
2005.04.26 18:20 B U:\Src\matlab\Working\GeneralMathAndStats\find_optimal_filter_parameters.m --> ftp.nsma.arizona.edu /Stephen/Src/Working/GeneralMathAndStats find_optimal_filter_parameters.m
2005.04.26 18:20 B U:\Src\matlab\Working\GeneralMathAndStats\Fishers_linear_discriminant.m --> ftp.nsma.arizona.edu /Stephen/Src/Working/GeneralMathAndStats Fishers_linear_discriminant.m
2005.04.26 18:20 B U:\Src\matlab\Working\GeneralMathAndStats\FMcomprate.m --> ftp.nsma.arizona.edu /Stephen/Src/Working/GeneralMathAndStats FMcomprate.m
2005.04.26 18:20 B U:\Src\matlab\Working\GeneralMathAndStats\frequency.m --> ftp.nsma.arizona.edu /Stephen/Src/Working/GeneralMathAndStats frequency.m
2005.04.26 18:20 B U:\Src\matlab\Working\GeneralMathAndStats\huffmancode.m --> ftp.nsma.arizona.edu /Stephen/Src/Working/GeneralMathAndStats huffmancode.m
2005.04.26 18:20 B U:\Src\matlab\Working\GeneralMathAndStats\huffmanlength.m --> ftp.nsma.arizona.edu /Stephen/Src/Working/GeneralMathAndStats huffmanlength.m
2005.04.26 18:20 B U:\Src\matlab\Working\GeneralMathAndStats\LZcodelength.m --> ftp.nsma.arizona.edu /Stephen/Src/Working/GeneralMathAndStats LZcodelength.m
2005.04.26 18:20 B U:\Src\matlab\Working\GeneralMathAndStats\LZparse.m --> ftp.nsma.arizona.edu /Stephen/Src/Working/GeneralMathAndStats LZparse.m
2005.04.26 18:20 B U:\Src\matlab\Working\GeneralMathAndStats\Mahala.asv --> ftp.nsma.arizona.edu /Stephen/Src/Working/GeneralMathAndStats Mahala.asv
2005.04.26 18:20 B U:\Src\matlab\Working\GeneralMathAndStats\Mahala.m --> ftp.nsma.arizona.edu /Stephen/Src/Working/GeneralMathAndStats Mahala.m
2005.04.26 18:20 B U:\Src\matlab\Working\GeneralMathAndStats\mahaldist.m --> ftp.nsma.arizona.edu /Stephen/Src/Working/GeneralMathAndStats mahaldist.m
2005.04.26 18:20 B U:\Src\matlab\Working\GeneralMathAndStats\protglobal.dll --> ftp.nsma.arizona.edu /Stephen/Src/Working/GeneralMathAndStats protglobal.dll
2005.04.26 18:20 B U:\Src\matlab\Working\GeneralMathAndStats\protglobal.m --> ftp.nsma.arizona.edu /Stephen/Src/Working/GeneralMathAndStats protglobal.m
2005.04.26 18:20 B U:\Src\matlab\Working\GeneralMathAndStats\pseudoseq.m --> ftp.nsma.arizona.edu /Stephen/Src/Working/GeneralMathAndStats pseudoseq.m
2005.04.26 18:20 B U:\Src\matlab\Working\GeneralMathAndStats\Score.m --> ftp.nsma.arizona.edu /Stephen/Src/Working/GeneralMathAndStats Score.m
2005.04.26 18:20 B U:\Src\matlab\Working\GeneralMathAndStats\sigmoid.m --> ftp.nsma.arizona.edu /Stephen/Src/Working/GeneralMathAndStats sigmoid.m
2005.04.26 18:20 B U:\Src\matlab\Working\GeneralMathAndStats\slidingavg.m --> ftp.nsma.arizona.edu /Stephen/Src/Working/GeneralMathAndStats slidingavg.m
2005.04.26 18:20 B U:\Src\matlab\Working\GeneralMathAndStats\SmithWaterman.m --> ftp.nsma.arizona.edu /Stephen/Src/Working/GeneralMathAndStats SmithWaterman.m
