[Thd 2876 CPU 7 3/31/23 12:24:39.035] Unknown option or wrong param count for option '-xa=0'.
[Thd 2876 CPU 7 3/31/23 12:24:39.035] 
[Thd 6728 CPU 2 3/31/23 12:26:02.157] Unknown option or wrong param count for option '-xa=0'.
[Thd 6728 CPU 2 3/31/23 12:26:02.157] 
[Thd 5844 CPU 1 3/31/23 12:34:31.943] Unknown option or wrong param count for option '-xa=0'.
[Thd 5844 CPU 1 3/31/23 12:34:31.944] 
[Thd 8608 CPU 2 3/31/23 12:35:36.007] Unknown option or wrong param count for option '-xa=0'.
[Thd 8608 CPU 2 3/31/23 12:35:36.007] 
[Thd 3672 CPU 2 3/31/23 12:42:12.173] Unknown option or wrong param count for option '-xa=0'.
[Thd 3672 CPU 2 3/31/23 12:42:12.174] 
[Thd 10944 CPU 2 3/31/23 12:48:58.482] Unknown option or wrong param count for option '-xa=0'.
[Thd 10944 CPU 2 3/31/23 12:48:58.485] 
[Thd 9828 CPU 6 5/06/23 19:10:40.476] Cmdline: CatGT -dir=F:/Data/vHPC_stim_mPFC_excitability_project/SinglePulseStim/10840 -run=mPFC_L23 -g=0 -t=0 -prb_fld -ni -prb=0 -xa=0,0,4,3,2,0 -xia=0,0,4,-3,-2,0 -xd=0,0,384,6,500 -inarow=2
[Thd 9828 CPU 2 5/06/23 19:10:43.933] 
[Thd 312 CPU 0 5/06/23 19:10:44.059] Cmdline: CatGT -dir=F:/Data/vHPC_stim_mPFC_excitability_project/SinglePulseStim/10840 -run=mPFC_L23 -g=0 -t=0 -prb_fld -t_miss_ok -ni -lf -prb=0 -chnexcl={0;12,36,84,103,134,160,183,191,205:206,226,240,248,329,340,352} -xd=0,0,384,6,500
[Thd 312 CPU 2 5/06/23 19:12:48.235] 
[Thd 8916 CPU 0 5/06/23 19:12:48.520] Cmdline: CatGT -dir=F:/Data/vHPC_stim_mPFC_excitability_project/SinglePulseStim/10840 -run=mPFC_L5 -g=0 -t=0 -prb_fld -ni -prb=0 -xa=0,0,4,3,2,0 -xia=0,0,4,-3,-2,0 -xd=0,0,384,6,500 -inarow=2
[Thd 8916 CPU 2 5/06/23 19:12:52.577] 
[Thd 4408 CPU 2 5/06/23 19:12:52.641] Cmdline: CatGT -dir=F:/Data/vHPC_stim_mPFC_excitability_project/SinglePulseStim/10840 -run=mPFC_L5 -g=0 -t=0 -prb_fld -t_miss_ok -ni -lf -prb=0 -chnexcl={0;12,36,84,103,134,160,183,191,205:206,226,240,248,329,340,352} -xd=0,0,384,6,500
[Thd 4408 CPU 0 5/06/23 19:14:40.112] 
[Thd 12704 CPU 2 5/06/23 19:14:40.541] Cmdline: CatGT -dir=F:/Data/vHPC_stim_mPFC_excitability_project/SinglePulseStim/10840 -run=mPFC_L5_BurstStim -g=0 -t=0 -prb_fld -ni -prb=0 -xa=0,0,4,3,2,0 -xia=0,0,4,-3,-2,0 -xd=0,0,384,6,500 -inarow=2
[Thd 12704 CPU 7 5/06/23 19:14:44.276] 
[Thd 7028 CPU 1 5/06/23 19:14:44.332] Cmdline: CatGT -dir=F:/Data/vHPC_stim_mPFC_excitability_project/SinglePulseStim/10840 -run=mPFC_L5_BurstStim -g=0 -t=0 -prb_fld -t_miss_ok -ni -lf -prb=0 -chnexcl={0;12,36,84,103,134,160,183,191,205:206,226,240,248,329,340,352} -xd=0,0,384,6,500
[Thd 7028 CPU 1 5/06/23 19:16:11.469] 
[Thd 7516 CPU 2 5/13/23 16:02:57.615] Cmdline: CatGT -dir=C:/SGL_DATA/vHPC_stim_mPFC_excitability_project/10850 -run=mPFC_L23 -g=0 -t=0 -prb_fld -ni -prb=0 -xa=0,0,1,0.8,0.5,0 -xia=0,0,1,-3,-2,0 -xa=0,0,5,0.8,0.5,0 -xia=0,0,5,-3,-2,0 -xd=0,0,384,6,500 -inarow=2
[Thd 7516 CPU 2 5/13/23 16:02:58.362] 
[Thd 604 CPU 0 5/13/23 16:03:14.533] Cmdline: CatGT -dir=C:/SGL_DATA/vHPC_stim_mPFC_excitability_project/10850 -run=mPFC_L23 -g=0 -t=0 -prb_fld -t_miss_ok -lf -prb=0 -chnexcl={0;12,36,42,84,103,183,191,205:206,226,240,248,329,340,352} -xd=0,0,384,6,500
[Thd 604 CPU 2 5/13/23 16:04:08.626] 
[Thd 240 CPU 3 5/15/23 19:04:54.958] Error: Missing -run.
[Thd 240 CPU 2 5/15/23 19:04:54.958] 
[Thd 240 CPU 2 5/15/23 19:04:54.958] *** ERROR: MISSING CRITICAL PARAMETERS ***

[Thd 240 CPU 2 5/15/23 19:04:54.958] ------------------------
[Thd 240 CPU 2 5/15/23 19:04:54.958] Purpose:
[Thd 240 CPU 2 5/15/23 19:04:54.958] + Optionally join trials with given run_name and index ranges [ga,gb] [ta,tb]...
[Thd 240 CPU 2 5/15/23 19:04:54.958] + ...Or run on any individual file.
[Thd 240 CPU 2 5/15/23 19:04:54.958] + Optionally apply demultiplexing corrections.
[Thd 240 CPU 2 5/15/23 19:04:54.958] + Optionally apply band-pass and global CAR filters.
[Thd 240 CPU 2 5/15/23 19:04:54.958] + Optionally edit out saturation artifacts.
[Thd 240 CPU 2 5/15/23 19:04:54.958] + Optionally extract tables of sync waveform edge times to drive TPrime.
[Thd 240 CPU 4 5/15/23 19:04:54.958] + Optionally extract tables of other nonneural event times to be aligned with spikes.
[Thd 240 CPU 4 5/15/23 19:04:54.958] + Optionally join the above outputs across different runs (supercat feature).

[Thd 240 CPU 4 5/15/23 19:04:54.958] Output:
[Thd 240 CPU 4 5/15/23 19:04:54.958] + Results are placed next to source, named like this, with t-index = tcat:
[Thd 240 CPU 4 5/15/23 19:04:54.958] +    path/run_name_g5_tcat.imec1.ap.bin.
[Thd 240 CPU 4 5/15/23 19:04:54.958] + Errors and run messages are appended to CatGT.log in the current working directory.

[Thd 240 CPU 4 5/15/23 19:04:54.958] Usage:
[Thd 240 CPU 4 5/15/23 19:04:54.958] >CatGT -dir=data_dir -run=run_name -g=ga,gb -t=ta,tb <which streams> [ options ]

[Thd 240 CPU 4 5/15/23 19:04:54.958] Which streams:
[Thd 240 CPU 4 5/15/23 19:04:54.958] -ni                      ;required to process ni stream
[Thd 240 CPU 4 5/15/23 19:04:54.958] -ob                      ;required to process ob streams
[Thd 240 CPU 4 5/15/23 19:04:54.958] -ap                      ;required to process ap streams
[Thd 240 CPU 4 5/15/23 19:04:54.958] -lf                      ;required to process lf streams
[Thd 240 CPU 4 5/15/23 19:04:54.958] -obx=0,3:5               ;if -ob process these Oneboxes
[Thd 240 CPU 4 5/15/23 19:04:54.958] -prb_3A                  ;if -ap or -lf process 3A-style probe files, e.g. run_name_g0_t0.imec.ap.bin
[Thd 240 CPU 4 5/15/23 19:04:54.958] -prb=0,3:5               ;if -ap or -lf AND !prb_3A process these probes

[Thd 240 CPU 4 5/15/23 19:04:54.958] Options:
[Thd 240 CPU 4 5/15/23 19:04:54.958] -no_run_fld              ;older data, or data files relocated without a run folder
[Thd 240 CPU 4 5/15/23 19:04:54.958] -prb_fld                 ;use folder-per-probe organization
[Thd 240 CPU 4 5/15/23 19:04:54.958] -prb_miss_ok             ;instead of stopping, silently skip missing probes
[Thd 240 CPU 4 5/15/23 19:04:54.958] -gtlist={gj,tja,tjb}     ;override {-g,-t} giving each listed g-index its own t-range
[Thd 240 CPU 4 5/15/23 19:04:54.958] -t=cat                   ;extract events from CatGT output files (instead of -t=ta,tb)
[Thd 240 CPU 4 5/15/23 19:04:54.958] -exported                ;apply FileViewer 'exported' tag to in/output filenames
[Thd 240 CPU 5 5/15/23 19:04:54.968] -t_miss_ok               ;instead of stopping, zero-fill if trial missing
[Thd 240 CPU 5 5/15/23 19:04:54.968] -zerofillmax=500         ;set a maximum zero-fill span (millisec)
[Thd 240 CPU 5 5/15/23 19:04:54.968] -startsecs=120.0         ;skip this initial span of each input stream (float seconds)
[Thd 240 CPU 5 5/15/23 19:04:54.968] -maxsecs=7.5             ;set a maximum output file length (float seconds)
[Thd 240 CPU 5 5/15/23 19:04:54.968] -apfilter=Typ,N,Fhi,Flo  ;apply ap band-pass filter of given {type, order, corners(float Hz)}
[Thd 240 CPU 5 5/15/23 19:04:54.968] -lffilter=Typ,N,Fhi,Flo  ;apply lf band-pass filter of given {type, order, corners(float Hz)}
[Thd 240 CPU 5 5/15/23 19:04:54.968] -no_tshift               ;DO NOT time-align channels to account for ADC multiplexing
[Thd 240 CPU 5 5/15/23 19:04:54.968] -loccar=2,8              ;apply ap local CAR annulus (exclude radius, include radius)
[Thd 240 CPU 5 5/15/23 19:04:54.968] -gblcar                  ;apply ap global CAR filter over all channels
[Thd 240 CPU 5 5/15/23 19:04:54.968] -gfix=0.40,0.10,0.02     ;rmv ap artifacts: ||amp(mV)||, ||slope(mV/sample)||, ||noise(mV)||
[Thd 240 CPU 5 5/15/23 19:04:54.968] -chnexcl={prb;chans}     ;this probe, exclude listed chans from ap loccar, gblcar, gfix
[Thd 240 CPU 5 5/15/23 19:04:54.968] -xa=0,0,2,3.0,4.5,25     ;extract pulse signal from analog chan (js,ip,word,thresh1(V),thresh2(V),millisec)
[Thd 240 CPU 5 5/15/23 19:04:54.968] -xd=2,0,384,6,500        ;extract pulse signal from digital chan (js,ip,word,bit,millisec)
[Thd 240 CPU 5 5/15/23 19:04:54.968] -xia=0,0,2,3.0,4.5,2     ;inverted version of xa
[Thd 240 CPU 5 5/15/23 19:04:54.968] -xid=2,0,384,6,50        ;inverted version of xd
[Thd 240 CPU 5 5/15/23 19:04:54.968] -bf=0,0,8,2,4,3          ;extract numeric bit-field from digital chan (js,ip,word,startbit,nbits,inarow)
[Thd 240 CPU 5 5/15/23 19:04:54.968] -inarow=5                ;extractor {xa,xd,xia,xid} antibounce stay high/low sample count
[Thd 240 CPU 5 5/15/23 19:04:54.968] -no_auto_sync            ;disable the automatic extraction of sync edges in all streams
[Thd 240 CPU 5 5/15/23 19:04:54.968] -save=2,0,5,20:60        ;save subset of probe chans (js,ip1,ip2,chan-list)
[Thd 240 CPU 5 5/15/23 19:04:54.968] -pass1_force_ni_ob_bin   ;write pass one ni/ob binary tcat file even if not changed
[Thd 240 CPU 5 5/15/23 19:04:54.968] -supercat={dir,run_ga}   ;concatenate existing output files across runs (see ReadMe)
[Thd 240 CPU 5 5/15/23 19:04:54.968] -supercat_trim_edges     ;supercat after trimming each stream to matched sync edges
[Thd 240 CPU 5 5/15/23 19:04:54.968] -supercat_skip_ni_ob_bin ;do not supercat ni/ob binary files
[Thd 240 CPU 5 5/15/23 19:04:54.968] -dest=path               ;alternate path for output files (must exist)
[Thd 240 CPU 5 5/15/23 19:04:54.968] -out_prb_fld             ;if using -dest, create output subfolder per probe
[Thd 240 CPU 5 5/15/23 19:04:54.968] ------------------------

[Thd 240 CPU 5 5/15/23 19:04:54.968] 
[Thd 11848 CPU 2 5/15/23 19:04:55.004] Error: Missing -run.
[Thd 11848 CPU 3 5/15/23 19:04:55.004] 
[Thd 11848 CPU 3 5/15/23 19:04:55.004] *** ERROR: MISSING CRITICAL PARAMETERS ***

[Thd 11848 CPU 3 5/15/23 19:04:55.004] ------------------------
[Thd 11848 CPU 3 5/15/23 19:04:55.004] Purpose:
[Thd 11848 CPU 3 5/15/23 19:04:55.004] + Optionally join trials with given run_name and index ranges [ga,gb] [ta,tb]...
[Thd 11848 CPU 3 5/15/23 19:04:55.004] + ...Or run on any individual file.
[Thd 11848 CPU 3 5/15/23 19:04:55.004] + Optionally apply demultiplexing corrections.
[Thd 11848 CPU 3 5/15/23 19:04:55.004] + Optionally apply band-pass and global CAR filters.
[Thd 11848 CPU 3 5/15/23 19:04:55.004] + Optionally edit out saturation artifacts.
[Thd 11848 CPU 1 5/15/23 19:04:55.004] + Optionally extract tables of sync waveform edge times to drive TPrime.
[Thd 11848 CPU 2 5/15/23 19:04:55.004] + Optionally extract tables of other nonneural event times to be aligned with spikes.
[Thd 11848 CPU 2 5/15/23 19:04:55.004] + Optionally join the above outputs across different runs (supercat feature).

[Thd 11848 CPU 3 5/15/23 19:04:55.004] Output:
[Thd 11848 CPU 3 5/15/23 19:04:55.004] + Results are placed next to source, named like this, with t-index = tcat:
[Thd 11848 CPU 3 5/15/23 19:04:55.004] +    path/run_name_g5_tcat.imec1.ap.bin.
[Thd 11848 CPU 3 5/15/23 19:04:55.004] + Errors and run messages are appended to CatGT.log in the current working directory.

[Thd 11848 CPU 3 5/15/23 19:04:55.004] Usage:
[Thd 11848 CPU 3 5/15/23 19:04:55.004] >CatGT -dir=data_dir -run=run_name -g=ga,gb -t=ta,tb <which streams> [ options ]

[Thd 11848 CPU 3 5/15/23 19:04:55.004] Which streams:
[Thd 11848 CPU 3 5/15/23 19:04:55.004] -ni                      ;required to process ni stream
[Thd 11848 CPU 3 5/15/23 19:04:55.004] -ob                      ;required to process ob streams
[Thd 11848 CPU 3 5/15/23 19:04:55.004] -ap                      ;required to process ap streams
[Thd 11848 CPU 3 5/15/23 19:04:55.004] -lf                      ;required to process lf streams
[Thd 11848 CPU 1 5/15/23 19:04:55.014] -obx=0,3:5               ;if -ob process these Oneboxes
[Thd 11848 CPU 1 5/15/23 19:04:55.014] -prb_3A                  ;if -ap or -lf process 3A-style probe files, e.g. run_name_g0_t0.imec.ap.bin
[Thd 11848 CPU 1 5/15/23 19:04:55.014] -prb=0,3:5               ;if -ap or -lf AND !prb_3A process these probes

[Thd 11848 CPU 2 5/15/23 19:04:55.014] Options:
[Thd 11848 CPU 1 5/15/23 19:04:55.014] -no_run_fld              ;older data, or data files relocated without a run folder
[Thd 11848 CPU 2 5/15/23 19:04:55.014] -prb_fld                 ;use folder-per-probe organization
[Thd 11848 CPU 2 5/15/23 19:04:55.014] -prb_miss_ok             ;instead of stopping, silently skip missing probes
[Thd 11848 CPU 2 5/15/23 19:04:55.014] -gtlist={gj,tja,tjb}     ;override {-g,-t} giving each listed g-index its own t-range
[Thd 11848 CPU 2 5/15/23 19:04:55.014] -t=cat                   ;extract events from CatGT output files (instead of -t=ta,tb)
[Thd 11848 CPU 2 5/15/23 19:04:55.014] -exported                ;apply FileViewer 'exported' tag to in/output filenames
[Thd 11848 CPU 2 5/15/23 19:04:55.014] -t_miss_ok               ;instead of stopping, zero-fill if trial missing
[Thd 11848 CPU 2 5/15/23 19:04:55.014] -zerofillmax=500         ;set a maximum zero-fill span (millisec)
[Thd 11848 CPU 1 5/15/23 19:04:55.014] -startsecs=120.0         ;skip this initial span of each input stream (float seconds)
[Thd 11848 CPU 2 5/15/23 19:04:55.014] -maxsecs=7.5             ;set a maximum output file length (float seconds)
[Thd 11848 CPU 2 5/15/23 19:04:55.014] -apfilter=Typ,N,Fhi,Flo  ;apply ap band-pass filter of given {type, order, corners(float Hz)}
[Thd 11848 CPU 1 5/15/23 19:04:55.014] -lffilter=Typ,N,Fhi,Flo  ;apply lf band-pass filter of given {type, order, corners(float Hz)}
[Thd 11848 CPU 1 5/15/23 19:04:55.014] -no_tshift               ;DO NOT time-align channels to account for ADC multiplexing
[Thd 11848 CPU 2 5/15/23 19:04:55.014] -loccar=2,8              ;apply ap local CAR annulus (exclude radius, include radius)
[Thd 11848 CPU 2 5/15/23 19:04:55.014] -gblcar                  ;apply ap global CAR filter over all channels
[Thd 11848 CPU 2 5/15/23 19:04:55.014] -gfix=0.40,0.10,0.02     ;rmv ap artifacts: ||amp(mV)||, ||slope(mV/sample)||, ||noise(mV)||
[Thd 11848 CPU 1 5/15/23 19:04:55.014] -chnexcl={prb;chans}     ;this probe, exclude listed chans from ap loccar, gblcar, gfix
[Thd 11848 CPU 2 5/15/23 19:04:55.014] -xa=0,0,2,3.0,4.5,25     ;extract pulse signal from analog chan (js,ip,word,thresh1(V),thresh2(V),millisec)
[Thd 11848 CPU 2 5/15/23 19:04:55.014] -xd=2,0,384,6,500        ;extract pulse signal from digital chan (js,ip,word,bit,millisec)
[Thd 11848 CPU 2 5/15/23 19:04:55.014] -xia=0,0,2,3.0,4.5,2     ;inverted version of xa
[Thd 11848 CPU 2 5/15/23 19:04:55.014] -xid=2,0,384,6,50        ;inverted version of xd
[Thd 11848 CPU 2 5/15/23 19:04:55.014] -bf=0,0,8,2,4,3          ;extract numeric bit-field from digital chan (js,ip,word,startbit,nbits,inarow)
[Thd 11848 CPU 2 5/15/23 19:04:55.014] -inarow=5                ;extractor {xa,xd,xia,xid} antibounce stay high/low sample count
[Thd 11848 CPU 2 5/15/23 19:04:55.014] -no_auto_sync            ;disable the automatic extraction of sync edges in all streams
[Thd 11848 CPU 3 5/15/23 19:04:55.014] -save=2,0,5,20:60        ;save subset of probe chans (js,ip1,ip2,chan-list)
[Thd 11848 CPU 3 5/15/23 19:04:55.014] -pass1_force_ni_ob_bin   ;write pass one ni/ob binary tcat file even if not changed
[Thd 11848 CPU 3 5/15/23 19:04:55.014] -supercat={dir,run_ga}   ;concatenate existing output files across runs (see ReadMe)
[Thd 11848 CPU 3 5/15/23 19:04:55.014] -supercat_trim_edges     ;supercat after trimming each stream to matched sync edges
[Thd 11848 CPU 3 5/15/23 19:04:55.014] -supercat_skip_ni_ob_bin ;do not supercat ni/ob binary files
[Thd 11848 CPU 3 5/15/23 19:04:55.014] -dest=path               ;alternate path for output files (must exist)
[Thd 11848 CPU 3 5/15/23 19:04:55.014] -out_prb_fld             ;if using -dest, create output subfolder per probe
[Thd 11848 CPU 3 5/15/23 19:04:55.014] ------------------------

[Thd 11848 CPU 3 5/15/23 19:04:55.014] 
[Thd 5980 CPU 2 5/15/23 19:05:59.156] Cmdline: CatGT -dir=E:/NP_Time_Cells/430_S1_14_min_pulling_data -run=430_S1 -g=0 -t=0 -prb_fld -ni -prb=0 -xa=0,0,1,0.8,0.5,0 -xia=0,0,1,-3,-2,0 -xa=0,0,2,0.8,0.5,0 -xia=0,0,2,-3,-2,0 -xa=0,0,3,0.8,0.5,0 -xia=0,0,3,-3,-2,0 -xa=0,0,4,0.8,0.5,0 -xia=0,0,4,-3,-2,0 -xa=0,0,5,0.8,0.5,0 -xia=0,0,5,-3,-2,0 -xa=0,0,6,0.8,0.5,0 -xia=0,0,6,-3,-2,0 -xa=0,0,7,0.8,0.5,0 -xia=0,0,7,-3,-2,0 -xd=0,0,384,6,500 -inarow=2
[Thd 5980 CPU 2 5/15/23 19:05:59.157] Meta file not found 'E:/NP_Time_Cells/430_S1_14_min_pulling_data/430_S1_g0/430_S1_g0_t0.nidq.meta'.
[Thd 5980 CPU 2 5/15/23 19:05:59.157] 
[Thd 11520 CPU 2 5/15/23 19:05:59.179] Cmdline: CatGT -dir=E:/NP_Time_Cells/430_S1_14_min_pulling_data -run=430_S1 -g=0 -t=0 -prb_fld -t_miss_ok -lf -prb=0 -xd=0,0,384,6,500
[Thd 11520 CPU 2 5/15/23 19:05:59.180] Meta file not found 'E:/NP_Time_Cells/430_S1_14_min_pulling_data/430_S1_g0/430_S1_g0_imec0/430_S1_g0_t0.imec0.lf.meta'.
[Thd 11520 CPU 2 5/15/23 19:05:59.180] Couldn't open metafile for writing, error 5 'E:/NP_Time_Cells/430_S1_14_min_pulling_data/430_S1_g0/430_S1_g0_fyi.txt'.
[Thd 11520 CPU 2 5/15/23 19:05:59.180] 
[Thd 3344 CPU 2 5/16/23 11:11:54.513] Cmdline: CatGT -dir=E:/NP_Time_Cells -run=430_S1_14_min_pulling_data -g=0 -t=0 -prb_fld -ni -prb=0 -xa=0,0,1,0.8,0.5,0 -xia=0,0,1,-3,-2,0 -xa=0,0,2,0.8,0.5,0 -xia=0,0,2,-3,-2,0 -xa=0,0,3,0.8,0.5,0 -xia=0,0,3,-3,-2,0 -xa=0,0,4,0.8,0.5,0 -xia=0,0,4,-3,-2,0 -xa=0,0,5,0.8,0.5,0 -xia=0,0,5,-3,-2,0 -xa=0,0,6,0.8,0.5,0 -xia=0,0,6,-3,-2,0 -xa=0,0,7,0.8,0.5,0 -xia=0,0,7,-3,-2,0 -xd=0,0,384,6,500 -inarow=2
[Thd 3344 CPU 2 5/16/23 11:11:54.513] Meta file not found 'E:/NP_Time_Cells/430_S1_14_min_pulling_data_g0/430_S1_14_min_pulling_data_g0_t0.nidq.meta'.
[Thd 3344 CPU 2 5/16/23 11:11:54.513] 
[Thd 4256 CPU 2 5/16/23 11:11:54.533] Cmdline: CatGT -dir=E:/NP_Time_Cells -run=430_S1_14_min_pulling_data -g=0 -t=0 -prb_fld -t_miss_ok -ni -lf -prb=0 -xd=0,0,384,6,500
[Thd 4256 CPU 2 5/16/23 11:11:54.533] Meta file not found 'E:/NP_Time_Cells/430_S1_14_min_pulling_data_g0/430_S1_14_min_pulling_data_g0_t0.nidq.meta'.
[Thd 4256 CPU 2 5/16/23 11:11:54.533] 
[Thd 6176 CPU 1 5/16/23 11:13:03.984] Error: Missing -run.
[Thd 6176 CPU 1 5/16/23 11:13:03.984] 
[Thd 6176 CPU 1 5/16/23 11:13:03.984] *** ERROR: MISSING CRITICAL PARAMETERS ***

[Thd 6176 CPU 1 5/16/23 11:13:03.984] ------------------------
[Thd 6176 CPU 1 5/16/23 11:13:03.984] Purpose:
[Thd 6176 CPU 1 5/16/23 11:13:03.984] + Optionally join trials with given run_name and index ranges [ga,gb] [ta,tb]...
[Thd 6176 CPU 1 5/16/23 11:13:03.984] + ...Or run on any individual file.
[Thd 6176 CPU 1 5/16/23 11:13:03.984] + Optionally apply demultiplexing corrections.
[Thd 6176 CPU 1 5/16/23 11:13:03.984] + Optionally apply band-pass and global CAR filters.
[Thd 6176 CPU 1 5/16/23 11:13:03.984] + Optionally edit out saturation artifacts.
[Thd 6176 CPU 1 5/16/23 11:13:03.984] + Optionally extract tables of sync waveform edge times to drive TPrime.
[Thd 6176 CPU 1 5/16/23 11:13:03.984] + Optionally extract tables of other nonneural event times to be aligned with spikes.
[Thd 6176 CPU 1 5/16/23 11:13:03.984] + Optionally join the above outputs across different runs (supercat feature).

[Thd 6176 CPU 1 5/16/23 11:13:03.984] Output:
[Thd 6176 CPU 1 5/16/23 11:13:03.984] + Results are placed next to source, named like this, with t-index = tcat:
[Thd 6176 CPU 1 5/16/23 11:13:03.984] +    path/run_name_g5_tcat.imec1.ap.bin.
[Thd 6176 CPU 1 5/16/23 11:13:03.984] + Errors and run messages are appended to CatGT.log in the current working directory.

[Thd 6176 CPU 1 5/16/23 11:13:03.984] Usage:
[Thd 6176 CPU 1 5/16/23 11:13:03.984] >CatGT -dir=data_dir -run=run_name -g=ga,gb -t=ta,tb <which streams> [ options ]

[Thd 6176 CPU 1 5/16/23 11:13:03.984] Which streams:
[Thd 6176 CPU 1 5/16/23 11:13:03.984] -ni                      ;required to process ni stream
[Thd 6176 CPU 1 5/16/23 11:13:03.984] -ob                      ;required to process ob streams
[Thd 6176 CPU 1 5/16/23 11:13:03.984] -ap                      ;required to process ap streams
[Thd 6176 CPU 1 5/16/23 11:13:03.984] -lf                      ;required to process lf streams
[Thd 6176 CPU 1 5/16/23 11:13:03.984] -obx=0,3:5               ;if -ob process these Oneboxes
[Thd 6176 CPU 1 5/16/23 11:13:03.984] -prb_3A                  ;if -ap or -lf process 3A-style probe files, e.g. run_name_g0_t0.imec.ap.bin
[Thd 6176 CPU 1 5/16/23 11:13:03.984] -prb=0,3:5               ;if -ap or -lf AND !prb_3A process these probes

[Thd 6176 CPU 1 5/16/23 11:13:03.984] Options:
[Thd 6176 CPU 1 5/16/23 11:13:03.984] -no_run_fld              ;older data, or data files relocated without a run folder
[Thd 6176 CPU 1 5/16/23 11:13:03.994] -prb_fld                 ;use folder-per-probe organization
[Thd 6176 CPU 1 5/16/23 11:13:03.994] -prb_miss_ok             ;instead of stopping, silently skip missing probes
[Thd 6176 CPU 1 5/16/23 11:13:03.994] -gtlist={gj,tja,tjb}     ;override {-g,-t} giving each listed g-index its own t-range
[Thd 6176 CPU 1 5/16/23 11:13:03.994] -t=cat                   ;extract events from CatGT output files (instead of -t=ta,tb)
[Thd 6176 CPU 1 5/16/23 11:13:03.994] -exported                ;apply FileViewer 'exported' tag to in/output filenames
[Thd 6176 CPU 1 5/16/23 11:13:03.994] -t_miss_ok               ;instead of stopping, zero-fill if trial missing
[Thd 6176 CPU 1 5/16/23 11:13:03.994] -zerofillmax=500         ;set a maximum zero-fill span (millisec)
[Thd 6176 CPU 1 5/16/23 11:13:03.994] -startsecs=120.0         ;skip this initial span of each input stream (float seconds)
[Thd 6176 CPU 1 5/16/23 11:13:03.994] -maxsecs=7.5             ;set a maximum output file length (float seconds)
[Thd 6176 CPU 1 5/16/23 11:13:03.994] -apfilter=Typ,N,Fhi,Flo  ;apply ap band-pass filter of given {type, order, corners(float Hz)}
[Thd 6176 CPU 1 5/16/23 11:13:03.994] -lffilter=Typ,N,Fhi,Flo  ;apply lf band-pass filter of given {type, order, corners(float Hz)}
[Thd 6176 CPU 1 5/16/23 11:13:03.994] -no_tshift               ;DO NOT time-align channels to account for ADC multiplexing
[Thd 6176 CPU 1 5/16/23 11:13:03.994] -loccar=2,8              ;apply ap local CAR annulus (exclude radius, include radius)
[Thd 6176 CPU 1 5/16/23 11:13:03.994] -gblcar                  ;apply ap global CAR filter over all channels
[Thd 6176 CPU 1 5/16/23 11:13:03.994] -gfix=0.40,0.10,0.02     ;rmv ap artifacts: ||amp(mV)||, ||slope(mV/sample)||, ||noise(mV)||
[Thd 6176 CPU 1 5/16/23 11:13:03.994] -chnexcl={prb;chans}     ;this probe, exclude listed chans from ap loccar, gblcar, gfix
[Thd 6176 CPU 1 5/16/23 11:13:03.994] -xa=0,0,2,3.0,4.5,25     ;extract pulse signal from analog chan (js,ip,word,thresh1(V),thresh2(V),millisec)
[Thd 6176 CPU 1 5/16/23 11:13:03.994] -xd=2,0,384,6,500        ;extract pulse signal from digital chan (js,ip,word,bit,millisec)
[Thd 6176 CPU 1 5/16/23 11:13:03.994] -xia=0,0,2,3.0,4.5,2     ;inverted version of xa
[Thd 6176 CPU 1 5/16/23 11:13:03.994] -xid=2,0,384,6,50        ;inverted version of xd
[Thd 6176 CPU 1 5/16/23 11:13:03.994] -bf=0,0,8,2,4,3          ;extract numeric bit-field from digital chan (js,ip,word,startbit,nbits,inarow)
[Thd 6176 CPU 1 5/16/23 11:13:03.994] -inarow=5                ;extractor {xa,xd,xia,xid} antibounce stay high/low sample count
[Thd 6176 CPU 1 5/16/23 11:13:03.994] -no_auto_sync            ;disable the automatic extraction of sync edges in all streams
[Thd 6176 CPU 1 5/16/23 11:13:03.994] -save=2,0,5,20:60        ;save subset of probe chans (js,ip1,ip2,chan-list)
[Thd 6176 CPU 1 5/16/23 11:13:03.994] -pass1_force_ni_ob_bin   ;write pass one ni/ob binary tcat file even if not changed
[Thd 6176 CPU 1 5/16/23 11:13:03.994] -supercat={dir,run_ga}   ;concatenate existing output files across runs (see ReadMe)
[Thd 6176 CPU 1 5/16/23 11:13:03.994] -supercat_trim_edges     ;supercat after trimming each stream to matched sync edges
[Thd 6176 CPU 1 5/16/23 11:13:03.994] -supercat_skip_ni_ob_bin ;do not supercat ni/ob binary files
[Thd 6176 CPU 1 5/16/23 11:13:03.994] -dest=path               ;alternate path for output files (must exist)
[Thd 6176 CPU 1 5/16/23 11:13:03.994] -out_prb_fld             ;if using -dest, create output subfolder per probe
[Thd 6176 CPU 1 5/16/23 11:13:03.994] ------------------------

[Thd 6176 CPU 1 5/16/23 11:13:03.994] 
[Thd 12228 CPU 2 5/16/23 11:13:04.014] Error: Missing -run.
[Thd 12228 CPU 2 5/16/23 11:13:04.014] 
[Thd 12228 CPU 2 5/16/23 11:13:04.014] *** ERROR: MISSING CRITICAL PARAMETERS ***

[Thd 12228 CPU 2 5/16/23 11:13:04.014] ------------------------
[Thd 12228 CPU 2 5/16/23 11:13:04.014] Purpose:
[Thd 12228 CPU 2 5/16/23 11:13:04.014] + Optionally join trials with given run_name and index ranges [ga,gb] [ta,tb]...
[Thd 12228 CPU 2 5/16/23 11:13:04.014] + ...Or run on any individual file.
[Thd 12228 CPU 2 5/16/23 11:13:04.014] + Optionally apply demultiplexing corrections.
[Thd 12228 CPU 2 5/16/23 11:13:04.014] + Optionally apply band-pass and global CAR filters.
[Thd 12228 CPU 2 5/16/23 11:13:04.014] + Optionally edit out saturation artifacts.
[Thd 12228 CPU 2 5/16/23 11:13:04.014] + Optionally extract tables of sync waveform edge times to drive TPrime.
[Thd 12228 CPU 2 5/16/23 11:13:04.014] + Optionally extract tables of other nonneural event times to be aligned with spikes.
[Thd 12228 CPU 2 5/16/23 11:13:04.014] + Optionally join the above outputs across different runs (supercat feature).

[Thd 12228 CPU 2 5/16/23 11:13:04.014] Output:
[Thd 12228 CPU 2 5/16/23 11:13:04.014] + Results are placed next to source, named like this, with t-index = tcat:
[Thd 12228 CPU 2 5/16/23 11:13:04.014] +    path/run_name_g5_tcat.imec1.ap.bin.
[Thd 12228 CPU 2 5/16/23 11:13:04.014] + Errors and run messages are appended to CatGT.log in the current working directory.

[Thd 12228 CPU 2 5/16/23 11:13:04.014] Usage:
[Thd 12228 CPU 2 5/16/23 11:13:04.014] >CatGT -dir=data_dir -run=run_name -g=ga,gb -t=ta,tb <which streams> [ options ]

[Thd 12228 CPU 2 5/16/23 11:13:04.014] Which streams:
[Thd 12228 CPU 2 5/16/23 11:13:04.014] -ni                      ;required to process ni stream
[Thd 12228 CPU 2 5/16/23 11:13:04.014] -ob                      ;required to process ob streams
[Thd 12228 CPU 2 5/16/23 11:13:04.014] -ap                      ;required to process ap streams
[Thd 12228 CPU 2 5/16/23 11:13:04.024] -lf                      ;required to process lf streams
[Thd 12228 CPU 2 5/16/23 11:13:04.024] -obx=0,3:5               ;if -ob process these Oneboxes
[Thd 12228 CPU 2 5/16/23 11:13:04.024] -prb_3A                  ;if -ap or -lf process 3A-style probe files, e.g. run_name_g0_t0.imec.ap.bin
[Thd 12228 CPU 2 5/16/23 11:13:04.024] -prb=0,3:5               ;if -ap or -lf AND !prb_3A process these probes

[Thd 12228 CPU 2 5/16/23 11:13:04.024] Options:
[Thd 12228 CPU 2 5/16/23 11:13:04.024] -no_run_fld              ;older data, or data files relocated without a run folder
[Thd 12228 CPU 2 5/16/23 11:13:04.024] -prb_fld                 ;use folder-per-probe organization
[Thd 12228 CPU 2 5/16/23 11:13:04.024] -prb_miss_ok             ;instead of stopping, silently skip missing probes
[Thd 12228 CPU 2 5/16/23 11:13:04.024] -gtlist={gj,tja,tjb}     ;override {-g,-t} giving each listed g-index its own t-range
[Thd 12228 CPU 2 5/16/23 11:13:04.024] -t=cat                   ;extract events from CatGT output files (instead of -t=ta,tb)
[Thd 12228 CPU 2 5/16/23 11:13:04.024] -exported                ;apply FileViewer 'exported' tag to in/output filenames
[Thd 12228 CPU 2 5/16/23 11:13:04.024] -t_miss_ok               ;instead of stopping, zero-fill if trial missing
[Thd 12228 CPU 2 5/16/23 11:13:04.024] -zerofillmax=500         ;set a maximum zero-fill span (millisec)
[Thd 12228 CPU 2 5/16/23 11:13:04.024] -startsecs=120.0         ;skip this initial span of each input stream (float seconds)
[Thd 12228 CPU 2 5/16/23 11:13:04.024] -maxsecs=7.5             ;set a maximum output file length (float seconds)
[Thd 12228 CPU 2 5/16/23 11:13:04.024] -apfilter=Typ,N,Fhi,Flo  ;apply ap band-pass filter of given {type, order, corners(float Hz)}
[Thd 12228 CPU 2 5/16/23 11:13:04.024] -lffilter=Typ,N,Fhi,Flo  ;apply lf band-pass filter of given {type, order, corners(float Hz)}
[Thd 12228 CPU 2 5/16/23 11:13:04.024] -no_tshift               ;DO NOT time-align channels to account for ADC multiplexing
[Thd 12228 CPU 2 5/16/23 11:13:04.024] -loccar=2,8              ;apply ap local CAR annulus (exclude radius, include radius)
[Thd 12228 CPU 2 5/16/23 11:13:04.024] -gblcar                  ;apply ap global CAR filter over all channels
[Thd 12228 CPU 2 5/16/23 11:13:04.024] -gfix=0.40,0.10,0.02     ;rmv ap artifacts: ||amp(mV)||, ||slope(mV/sample)||, ||noise(mV)||
[Thd 12228 CPU 2 5/16/23 11:13:04.024] -chnexcl={prb;chans}     ;this probe, exclude listed chans from ap loccar, gblcar, gfix
[Thd 12228 CPU 2 5/16/23 11:13:04.024] -xa=0,0,2,3.0,4.5,25     ;extract pulse signal from analog chan (js,ip,word,thresh1(V),thresh2(V),millisec)
[Thd 12228 CPU 2 5/16/23 11:13:04.024] -xd=2,0,384,6,500        ;extract pulse signal from digital chan (js,ip,word,bit,millisec)
[Thd 12228 CPU 2 5/16/23 11:13:04.024] -xia=0,0,2,3.0,4.5,2     ;inverted version of xa
[Thd 12228 CPU 2 5/16/23 11:13:04.024] -xid=2,0,384,6,50        ;inverted version of xd
[Thd 12228 CPU 2 5/16/23 11:13:04.024] -bf=0,0,8,2,4,3          ;extract numeric bit-field from digital chan (js,ip,word,startbit,nbits,inarow)
[Thd 12228 CPU 2 5/16/23 11:13:04.024] -inarow=5                ;extractor {xa,xd,xia,xid} antibounce stay high/low sample count
[Thd 12228 CPU 2 5/16/23 11:13:04.024] -no_auto_sync            ;disable the automatic extraction of sync edges in all streams
[Thd 12228 CPU 2 5/16/23 11:13:04.024] -save=2,0,5,20:60        ;save subset of probe chans (js,ip1,ip2,chan-list)
[Thd 12228 CPU 2 5/16/23 11:13:04.024] -pass1_force_ni_ob_bin   ;write pass one ni/ob binary tcat file even if not changed
[Thd 12228 CPU 2 5/16/23 11:13:04.024] -supercat={dir,run_ga}   ;concatenate existing output files across runs (see ReadMe)
[Thd 12228 CPU 2 5/16/23 11:13:04.024] -supercat_trim_edges     ;supercat after trimming each stream to matched sync edges
[Thd 12228 CPU 2 5/16/23 11:13:04.024] -supercat_skip_ni_ob_bin ;do not supercat ni/ob binary files
[Thd 12228 CPU 2 5/16/23 11:13:04.024] -dest=path               ;alternate path for output files (must exist)
[Thd 12228 CPU 2 5/16/23 11:13:04.024] -out_prb_fld             ;if using -dest, create output subfolder per probe
[Thd 12228 CPU 2 5/16/23 11:13:04.024] ------------------------

[Thd 12228 CPU 2 5/16/23 11:13:04.024] 
[Thd 3612 CPU 5 5/16/23 11:15:46.130] Cmdline: CatGT -dir=E:/NP_Time_Cells/430_S1_14_min_pulling_data -run=430_S1_14_min_pulling_data -g=0 -t=0 -prb_fld -ni -prb=0 -xa=0,0,1,0.8,0.5,0 -xia=0,0,1,-3,-2,0 -xa=0,0,2,0.8,0.5,0 -xia=0,0,2,-3,-2,0 -xa=0,0,3,0.8,0.5,0 -xia=0,0,3,-3,-2,0 -xa=0,0,4,0.8,0.5,0 -xia=0,0,4,-3,-2,0 -xa=0,0,5,0.8,0.5,0 -xia=0,0,5,-3,-2,0 -xa=0,0,6,0.8,0.5,0 -xia=0,0,6,-3,-2,0 -xa=0,0,7,0.8,0.5,0 -xia=0,0,7,-3,-2,0 -xd=0,0,384,6,500 -inarow=2
[Thd 3612 CPU 5 5/16/23 11:15:46.130] Meta file not found 'E:/NP_Time_Cells/430_S1_14_min_pulling_data/430_S1_14_min_pulling_data_g0/430_S1_14_min_pulling_data_g0_t0.nidq.meta'.
[Thd 3612 CPU 5 5/16/23 11:15:46.130] 
[Thd 10176 CPU 2 5/16/23 11:15:46.150] Cmdline: CatGT -dir=E:/NP_Time_Cells/430_S1_14_min_pulling_data -run=430_S1_14_min_pulling_data -g=0 -t=0 -prb_fld -t_miss_ok -ni -lf -prb=0 -xd=0,0,384,6,500
[Thd 10176 CPU 2 5/16/23 11:15:46.150] Meta file not found 'E:/NP_Time_Cells/430_S1_14_min_pulling_data/430_S1_14_min_pulling_data_g0/430_S1_14_min_pulling_data_g0_t0.nidq.meta'.
[Thd 10176 CPU 2 5/16/23 11:15:46.150] 
[Thd 6164 CPU 3 5/16/23 11:17:40.272] Cmdline: CatGT -dir=E:/NP_Time_Cells -run=430_S1_14_min_pulling_data -g=0 -t=0 -prb_fld -ni -prb=0 -xa=0,0,1,0.8,0.5,0 -xia=0,0,1,-3,-2,0 -xa=0,0,2,0.8,0.5,0 -xia=0,0,2,-3,-2,0 -xa=0,0,3,0.8,0.5,0 -xia=0,0,3,-3,-2,0 -xa=0,0,4,0.8,0.5,0 -xia=0,0,4,-3,-2,0 -xa=0,0,5,0.8,0.5,0 -xia=0,0,5,-3,-2,0 -xa=0,0,6,0.8,0.5,0 -xia=0,0,6,-3,-2,0 -xa=0,0,7,0.8,0.5,0 -xia=0,0,7,-3,-2,0 -xd=0,0,384,6,500 -inarow=2
[Thd 6164 CPU 3 5/16/23 11:17:40.272] Meta file not found 'E:/NP_Time_Cells/430_S1_14_min_pulling_data_g0/430_S1_14_min_pulling_data_g0_t0.nidq.meta'.
[Thd 6164 CPU 3 5/16/23 11:17:40.272] 
[Thd 9148 CPU 2 5/16/23 11:17:40.292] Cmdline: CatGT -dir=E:/NP_Time_Cells -run=430_S1_14_min_pulling_data -g=0 -t=0 -prb_fld -t_miss_ok -ni -lf -prb=0 -xd=0,0,384,6,500
[Thd 9148 CPU 2 5/16/23 11:17:40.292] Meta file not found 'E:/NP_Time_Cells/430_S1_14_min_pulling_data_g0/430_S1_14_min_pulling_data_g0_t0.nidq.meta'.
[Thd 9148 CPU 2 5/16/23 11:17:40.292] 
[Thd 1668 CPU 6 5/16/23 11:18:31.490] Error: Missing -run.
[Thd 1668 CPU 6 5/16/23 11:18:31.491] 
[Thd 1668 CPU 6 5/16/23 11:18:31.491] *** ERROR: MISSING CRITICAL PARAMETERS ***

[Thd 1668 CPU 6 5/16/23 11:18:31.491] ------------------------
[Thd 1668 CPU 6 5/16/23 11:18:31.492] Purpose:
[Thd 1668 CPU 6 5/16/23 11:18:31.492] + Optionally join trials with given run_name and index ranges [ga,gb] [ta,tb]...
[Thd 1668 CPU 6 5/16/23 11:18:31.492] + ...Or run on any individual file.
[Thd 1668 CPU 6 5/16/23 11:18:31.492] + Optionally apply demultiplexing corrections.
[Thd 1668 CPU 6 5/16/23 11:18:31.492] + Optionally apply band-pass and global CAR filters.
[Thd 1668 CPU 6 5/16/23 11:18:31.492] + Optionally edit out saturation artifacts.
[Thd 1668 CPU 6 5/16/23 11:18:31.493] + Optionally extract tables of sync waveform edge times to drive TPrime.
[Thd 1668 CPU 6 5/16/23 11:18:31.493] + Optionally extract tables of other nonneural event times to be aligned with spikes.
[Thd 1668 CPU 6 5/16/23 11:18:31.493] + Optionally join the above outputs across different runs (supercat feature).

[Thd 1668 CPU 6 5/16/23 11:18:31.493] Output:
[Thd 1668 CPU 6 5/16/23 11:18:31.493] + Results are placed next to source, named like this, with t-index = tcat:
[Thd 1668 CPU 6 5/16/23 11:18:31.493] +    path/run_name_g5_tcat.imec1.ap.bin.
[Thd 1668 CPU 6 5/16/23 11:18:31.493] + Errors and run messages are appended to CatGT.log in the current working directory.

[Thd 1668 CPU 6 5/16/23 11:18:31.494] Usage:
[Thd 1668 CPU 6 5/16/23 11:18:31.494] >CatGT -dir=data_dir -run=run_name -g=ga,gb -t=ta,tb <which streams> [ options ]

[Thd 1668 CPU 6 5/16/23 11:18:31.494] Which streams:
[Thd 1668 CPU 6 5/16/23 11:18:31.494] -ni                      ;required to process ni stream
[Thd 1668 CPU 6 5/16/23 11:18:31.494] -ob                      ;required to process ob streams
[Thd 1668 CPU 6 5/16/23 11:18:31.494] -ap                      ;required to process ap streams
[Thd 1668 CPU 6 5/16/23 11:18:31.495] -lf                      ;required to process lf streams
[Thd 1668 CPU 6 5/16/23 11:18:31.495] -obx=0,3:5               ;if -ob process these Oneboxes
[Thd 1668 CPU 6 5/16/23 11:18:31.495] -prb_3A                  ;if -ap or -lf process 3A-style probe files, e.g. run_name_g0_t0.imec.ap.bin
[Thd 1668 CPU 6 5/16/23 11:18:31.495] -prb=0,3:5               ;if -ap or -lf AND !prb_3A process these probes

[Thd 1668 CPU 6 5/16/23 11:18:31.495] Options:
[Thd 1668 CPU 6 5/16/23 11:18:31.495] -no_run_fld              ;older data, or data files relocated without a run folder
[Thd 1668 CPU 6 5/16/23 11:18:31.496] -prb_fld                 ;use folder-per-probe organization
[Thd 1668 CPU 6 5/16/23 11:18:31.496] -prb_miss_ok             ;instead of stopping, silently skip missing probes
[Thd 1668 CPU 6 5/16/23 11:18:31.496] -gtlist={gj,tja,tjb}     ;override {-g,-t} giving each listed g-index its own t-range
[Thd 1668 CPU 6 5/16/23 11:18:31.496] -t=cat                   ;extract events from CatGT output files (instead of -t=ta,tb)
[Thd 1668 CPU 6 5/16/23 11:18:31.496] -exported                ;apply FileViewer 'exported' tag to in/output filenames
[Thd 1668 CPU 6 5/16/23 11:18:31.496] -t_miss_ok               ;instead of stopping, zero-fill if trial missing
[Thd 1668 CPU 6 5/16/23 11:18:31.497] -zerofillmax=500         ;set a maximum zero-fill span (millisec)
[Thd 1668 CPU 6 5/16/23 11:18:31.497] -startsecs=120.0         ;skip this initial span of each input stream (float seconds)
[Thd 1668 CPU 6 5/16/23 11:18:31.497] -maxsecs=7.5             ;set a maximum output file length (float seconds)
[Thd 1668 CPU 6 5/16/23 11:18:31.497] -apfilter=Typ,N,Fhi,Flo  ;apply ap band-pass filter of given {type, order, corners(float Hz)}
[Thd 1668 CPU 6 5/16/23 11:18:31.497] -lffilter=Typ,N,Fhi,Flo  ;apply lf band-pass filter of given {type, order, corners(float Hz)}
[Thd 1668 CPU 6 5/16/23 11:18:31.498] -no_tshift               ;DO NOT time-align channels to account for ADC multiplexing
[Thd 1668 CPU 6 5/16/23 11:18:31.498] -loccar=2,8              ;apply ap local CAR annulus (exclude radius, include radius)
[Thd 1668 CPU 6 5/16/23 11:18:31.498] -gblcar                  ;apply ap global CAR filter over all channels
[Thd 1668 CPU 6 5/16/23 11:18:31.498] -gfix=0.40,0.10,0.02     ;rmv ap artifacts: ||amp(mV)||, ||slope(mV/sample)||, ||noise(mV)||
[Thd 1668 CPU 6 5/16/23 11:18:31.498] -chnexcl={prb;chans}     ;this probe, exclude listed chans from ap loccar, gblcar, gfix
[Thd 1668 CPU 6 5/16/23 11:18:31.498] -xa=0,0,2,3.0,4.5,25     ;extract pulse signal from analog chan (js,ip,word,thresh1(V),thresh2(V),millisec)
[Thd 1668 CPU 6 5/16/23 11:18:31.499] -xd=2,0,384,6,500        ;extract pulse signal from digital chan (js,ip,word,bit,millisec)
[Thd 1668 CPU 6 5/16/23 11:18:31.499] -xia=0,0,2,3.0,4.5,2     ;inverted version of xa
[Thd 1668 CPU 6 5/16/23 11:18:31.499] -xid=2,0,384,6,50        ;inverted version of xd
[Thd 1668 CPU 6 5/16/23 11:18:31.499] -bf=0,0,8,2,4,3          ;extract numeric bit-field from digital chan (js,ip,word,startbit,nbits,inarow)
[Thd 1668 CPU 6 5/16/23 11:18:31.499] -inarow=5                ;extractor {xa,xd,xia,xid} antibounce stay high/low sample count
[Thd 1668 CPU 6 5/16/23 11:18:31.500] -no_auto_sync            ;disable the automatic extraction of sync edges in all streams
[Thd 1668 CPU 6 5/16/23 11:18:31.500] -save=2,0,5,20:60        ;save subset of probe chans (js,ip1,ip2,chan-list)
[Thd 1668 CPU 6 5/16/23 11:18:31.500] -pass1_force_ni_ob_bin   ;write pass one ni/ob binary tcat file even if not changed
[Thd 1668 CPU 6 5/16/23 11:18:31.500] -supercat={dir,run_ga}   ;concatenate existing output files across runs (see ReadMe)
[Thd 1668 CPU 6 5/16/23 11:18:31.500] -supercat_trim_edges     ;supercat after trimming each stream to matched sync edges
[Thd 1668 CPU 6 5/16/23 11:18:31.500] -supercat_skip_ni_ob_bin ;do not supercat ni/ob binary files
[Thd 1668 CPU 6 5/16/23 11:18:31.501] -dest=path               ;alternate path for output files (must exist)
[Thd 1668 CPU 6 5/16/23 11:18:31.501] -out_prb_fld             ;if using -dest, create output subfolder per probe
[Thd 1668 CPU 6 5/16/23 11:18:31.501] ------------------------

[Thd 1668 CPU 6 5/16/23 11:18:31.501] 
[Thd 9244 CPU 2 5/16/23 11:18:31.515] Error: Missing -run.
[Thd 9244 CPU 2 5/16/23 11:18:31.515] 
[Thd 9244 CPU 2 5/16/23 11:18:31.515] *** ERROR: MISSING CRITICAL PARAMETERS ***

[Thd 9244 CPU 2 5/16/23 11:18:31.515] ------------------------
[Thd 9244 CPU 2 5/16/23 11:18:31.515] Purpose:
[Thd 9244 CPU 2 5/16/23 11:18:31.515] + Optionally join trials with given run_name and index ranges [ga,gb] [ta,tb]...
[Thd 9244 CPU 2 5/16/23 11:18:31.515] + ...Or run on any individual file.
[Thd 9244 CPU 2 5/16/23 11:18:31.515] + Optionally apply demultiplexing corrections.
[Thd 9244 CPU 2 5/16/23 11:18:31.515] + Optionally apply band-pass and global CAR filters.
[Thd 9244 CPU 2 5/16/23 11:18:31.515] + Optionally edit out saturation artifacts.
[Thd 9244 CPU 2 5/16/23 11:18:31.515] + Optionally extract tables of sync waveform edge times to drive TPrime.
[Thd 9244 CPU 2 5/16/23 11:18:31.515] + Optionally extract tables of other nonneural event times to be aligned with spikes.
[Thd 9244 CPU 2 5/16/23 11:18:31.515] + Optionally join the above outputs across different runs (supercat feature).

[Thd 9244 CPU 1 5/16/23 11:18:31.525] Output:
[Thd 9244 CPU 1 5/16/23 11:18:31.525] + Results are placed next to source, named like this, with t-index = tcat:
[Thd 9244 CPU 1 5/16/23 11:18:31.525] +    path/run_name_g5_tcat.imec1.ap.bin.
[Thd 9244 CPU 1 5/16/23 11:18:31.525] + Errors and run messages are appended to CatGT.log in the current working directory.

[Thd 9244 CPU 1 5/16/23 11:18:31.525] Usage:
[Thd 9244 CPU 1 5/16/23 11:18:31.525] >CatGT -dir=data_dir -run=run_name -g=ga,gb -t=ta,tb <which streams> [ options ]

[Thd 9244 CPU 1 5/16/23 11:18:31.525] Which streams:
[Thd 9244 CPU 1 5/16/23 11:18:31.525] -ni                      ;required to process ni stream
[Thd 9244 CPU 1 5/16/23 11:18:31.525] -ob                      ;required to process ob streams
[Thd 9244 CPU 1 5/16/23 11:18:31.525] -ap                      ;required to process ap streams
[Thd 9244 CPU 1 5/16/23 11:18:31.525] -lf                      ;required to process lf streams
[Thd 9244 CPU 1 5/16/23 11:18:31.525] -obx=0,3:5               ;if -ob process these Oneboxes
[Thd 9244 CPU 1 5/16/23 11:18:31.525] -prb_3A                  ;if -ap or -lf process 3A-style probe files, e.g. run_name_g0_t0.imec.ap.bin
[Thd 9244 CPU 1 5/16/23 11:18:31.525] -prb=0,3:5               ;if -ap or -lf AND !prb_3A process these probes

[Thd 9244 CPU 1 5/16/23 11:18:31.525] Options:
[Thd 9244 CPU 1 5/16/23 11:18:31.525] -no_run_fld              ;older data, or data files relocated without a run folder
[Thd 9244 CPU 1 5/16/23 11:18:31.525] -prb_fld                 ;use folder-per-probe organization
[Thd 9244 CPU 1 5/16/23 11:18:31.525] -prb_miss_ok             ;instead of stopping, silently skip missing probes
[Thd 9244 CPU 1 5/16/23 11:18:31.525] -gtlist={gj,tja,tjb}     ;override {-g,-t} giving each listed g-index its own t-range
[Thd 9244 CPU 1 5/16/23 11:18:31.525] -t=cat                   ;extract events from CatGT output files (instead of -t=ta,tb)
[Thd 9244 CPU 1 5/16/23 11:18:31.525] -exported                ;apply FileViewer 'exported' tag to in/output filenames
[Thd 9244 CPU 1 5/16/23 11:18:31.525] -t_miss_ok               ;instead of stopping, zero-fill if trial missing
[Thd 9244 CPU 1 5/16/23 11:18:31.525] -zerofillmax=500         ;set a maximum zero-fill span (millisec)
[Thd 9244 CPU 1 5/16/23 11:18:31.525] -startsecs=120.0         ;skip this initial span of each input stream (float seconds)
[Thd 9244 CPU 1 5/16/23 11:18:31.525] -maxsecs=7.5             ;set a maximum output file length (float seconds)
[Thd 9244 CPU 1 5/16/23 11:18:31.525] -apfilter=Typ,N,Fhi,Flo  ;apply ap band-pass filter of given {type, order, corners(float Hz)}
[Thd 9244 CPU 1 5/16/23 11:18:31.525] -lffilter=Typ,N,Fhi,Flo  ;apply lf band-pass filter of given {type, order, corners(float Hz)}
[Thd 9244 CPU 1 5/16/23 11:18:31.525] -no_tshift               ;DO NOT time-align channels to account for ADC multiplexing
[Thd 9244 CPU 1 5/16/23 11:18:31.525] -loccar=2,8              ;apply ap local CAR annulus (exclude radius, include radius)
[Thd 9244 CPU 1 5/16/23 11:18:31.525] -gblcar                  ;apply ap global CAR filter over all channels
[Thd 9244 CPU 1 5/16/23 11:18:31.525] -gfix=0.40,0.10,0.02     ;rmv ap artifacts: ||amp(mV)||, ||slope(mV/sample)||, ||noise(mV)||
[Thd 9244 CPU 1 5/16/23 11:18:31.525] -chnexcl={prb;chans}     ;this probe, exclude listed chans from ap loccar, gblcar, gfix
[Thd 9244 CPU 1 5/16/23 11:18:31.525] -xa=0,0,2,3.0,4.5,25     ;extract pulse signal from analog chan (js,ip,word,thresh1(V),thresh2(V),millisec)
[Thd 9244 CPU 1 5/16/23 11:18:31.525] -xd=2,0,384,6,500        ;extract pulse signal from digital chan (js,ip,word,bit,millisec)
[Thd 9244 CPU 1 5/16/23 11:18:31.525] -xia=0,0,2,3.0,4.5,2     ;inverted version of xa
[Thd 9244 CPU 1 5/16/23 11:18:31.525] -xid=2,0,384,6,50        ;inverted version of xd
[Thd 9244 CPU 1 5/16/23 11:18:31.525] -bf=0,0,8,2,4,3          ;extract numeric bit-field from digital chan (js,ip,word,startbit,nbits,inarow)
[Thd 9244 CPU 1 5/16/23 11:18:31.525] -inarow=5                ;extractor {xa,xd,xia,xid} antibounce stay high/low sample count
[Thd 9244 CPU 1 5/16/23 11:18:31.525] -no_auto_sync            ;disable the automatic extraction of sync edges in all streams
[Thd 9244 CPU 1 5/16/23 11:18:31.525] -save=2,0,5,20:60        ;save subset of probe chans (js,ip1,ip2,chan-list)
[Thd 9244 CPU 1 5/16/23 11:18:31.525] -pass1_force_ni_ob_bin   ;write pass one ni/ob binary tcat file even if not changed
[Thd 9244 CPU 1 5/16/23 11:18:31.525] -supercat={dir,run_ga}   ;concatenate existing output files across runs (see ReadMe)
[Thd 9244 CPU 1 5/16/23 11:18:31.525] -supercat_trim_edges     ;supercat after trimming each stream to matched sync edges
[Thd 9244 CPU 1 5/16/23 11:18:31.525] -supercat_skip_ni_ob_bin ;do not supercat ni/ob binary files
[Thd 9244 CPU 1 5/16/23 11:18:31.525] -dest=path               ;alternate path for output files (must exist)
[Thd 9244 CPU 1 5/16/23 11:18:31.525] -out_prb_fld             ;if using -dest, create output subfolder per probe
[Thd 9244 CPU 1 5/16/23 11:18:31.525] ------------------------

[Thd 9244 CPU 1 5/16/23 11:18:31.525] 
[Thd 132 CPU 6 5/16/23 11:21:25.286] Cmdline: CatGT -dir=E:/NP_Time_Cells -run=430_S1_14_min_pulling_data -g=0 -t=0 -prb_fld -ni -prb=0 -xa=0,0,1,0.8,0.5,0 -xia=0,0,1,-3,-2,0 -xa=0,0,2,0.8,0.5,0 -xia=0,0,2,-3,-2,0 -xa=0,0,3,0.8,0.5,0 -xia=0,0,3,-3,-2,0 -xa=0,0,4,0.8,0.5,0 -xia=0,0,4,-3,-2,0 -xa=0,0,5,0.8,0.5,0 -xia=0,0,5,-3,-2,0 -xa=0,0,6,0.8,0.5,0 -xia=0,0,6,-3,-2,0 -xa=0,0,7,0.8,0.5,0 -xia=0,0,7,-3,-2,0 -xd=0,0,384,6,500 -inarow=2
[Thd 132 CPU 6 5/16/23 11:21:25.286] Meta file not found 'E:/NP_Time_Cells/430_S1_14_min_pulling_data_g0/430_S1_14_min_pulling_data_g0_t0.nidq.meta'.
[Thd 132 CPU 6 5/16/23 11:21:25.286] 
[Thd 5676 CPU 4 5/16/23 11:22:13.962] Cmdline: CatGT -dir=E:/NP_Time_Cells -run=430_S1_14_min_pulling_data_g0_imec0 -g=0 -t=0 -prb_fld -t_miss_ok -ni -lf -prb=0 -xd=0,0,384,6,500
[Thd 5676 CPU 4 5/16/23 11:22:13.963] Meta file not found 'E:/NP_Time_Cells/430_S1_14_min_pulling_data_g0_imec0_g0/430_S1_14_min_pulling_data_g0_imec0_g0_t0.nidq.meta'.
[Thd 5676 CPU 4 5/16/23 11:22:13.964] 
[Thd 6456 CPU 4 7/01/23 14:50:11.517] Cmdline: CatGT -dir=E:/neuropixels_vHC_stim -run=mPFC_L5_bank0 -g=0 -t=0 -prb_fld -ni -prb=0 -xa=0,0,1,0.8,0.5,0 -xia=0,0,1,-3,-2,0 -xa=0,0,2,0.8,0.5,0 -xia=0,0,2,-3,-2,0 -xa=0,0,3,0.8,0.5,0 -xia=0,0,3,-3,-2,0 -xa=0,0,4,0.8,0.5,0 -xia=0,0,4,-3,-2,0 -xa=0,0,5,0.8,0.5,0 -xia=0,0,5,-3,-2,0 -xa=0,0,6,0.8,0.5,0 -xia=0,0,6,-3,-2,0 -xa=0,0,7,0.8,0.5,0 -xia=0,0,7,-3,-2,0 -xd=0,0,384,6,500 -inarow=2
[Thd 6456 CPU 2 7/01/23 14:50:12.879] 
[Thd 15028 CPU 2 7/01/23 14:51:11.666] Cmdline: CatGT -dir=E:/neuropixels_vHC_stim -run=mPFC_L5_bank0 -g=0 -t=0 -prb_fld -ni -prb=0 -xa=0,0,1,0.8,0.5,0 -xia=0,0,1,-3,-2,0 -xa=0,0,2,0.8,0.5,0 -xia=0,0,2,-3,-2,0 -xa=0,0,3,0.8,0.5,0 -xia=0,0,3,-3,-2,0 -xa=0,0,4,0.8,0.5,0 -xia=0,0,4,-3,-2,0 -xa=0,0,5,0.8,0.5,0 -xia=0,0,5,-3,-2,0 -xa=0,0,6,0.8,0.5,0 -xia=0,0,6,-3,-2,0 -xa=0,0,7,0.8,0.5,0 -xia=0,0,7,-3,-2,0 -xd=0,0,384,6,500 -inarow=2
[Thd 15028 CPU 2 7/01/23 14:51:12.462] 
[Thd 14632 CPU 2 7/01/23 14:54:17.454] Cmdline: CatGT -dir=E:/neuropixels_vHC_stim -run=mPFC_L5_bank0 -g=0 -t=0 -prb_fld -ni -prb=0 -xa=0,0,1,0.8,0.5,0 -xia=0,0,1,-3,-2,0 -xa=0,0,2,0.8,0.5,0 -xia=0,0,2,-3,-2,0 -xa=0,0,3,0.8,0.5,0 -xia=0,0,3,-3,-2,0 -xa=0,0,4,0.8,0.5,0 -xia=0,0,4,-3,-2,0 -xa=0,0,5,0.8,0.5,0 -xia=0,0,5,-3,-2,0 -xa=0,0,6,0.8,0.5,0 -xia=0,0,6,-3,-2,0 -xa=0,0,7,0.8,0.5,0 -xia=0,0,7,-3,-2,0 -xd=0,0,384,6,500 -inarow=2
[Thd 14632 CPU 2 7/01/23 14:54:18.230] 
[Thd 9560 CPU 6 7/01/23 14:56:03.682] Cmdline: CatGT -dir=E:/neuropixels_vHC_stim -run=mPFC_L5_bank0 -g=0 -t=0 -prb_fld -ni -prb=0 -xa=0,0,1,0.8,0.5,0 -xia=0,0,1,-3,-2,0 -xa=0,0,2,0.8,0.5,0 -xia=0,0,2,-3,-2,0 -xa=0,0,3,0.8,0.5,0 -xia=0,0,3,-3,-2,0 -xa=0,0,4,0.8,0.5,0 -xia=0,0,4,-3,-2,0 -xa=0,0,5,0.8,0.5,0 -xia=0,0,5,-3,-2,0 -xa=0,0,6,0.8,0.5,0 -xia=0,0,6,-3,-2,0 -xa=0,0,7,0.8,0.5,0 -xia=0,0,7,-3,-2,0 -xd=0,0,384,6,500 -inarow=2
[Thd 9560 CPU 14 7/01/23 14:56:04.475] 
[Thd 13616 CPU 6 7/01/23 15:01:10.747] Cmdline: CatGT -dir=E:/neuropixels_vHC_stim -run=mPFC_L5_bank0 -g=0 -t=0 -prb_fld -ni -prb=0 -xa=0,0,1,0.8,0.5,0 -xia=0,0,1,-3,-2,0 -xa=0,0,2,0.8,0.5,0 -xia=0,0,2,-3,-2,0 -xa=0,0,3,0.8,0.5,0 -xia=0,0,3,-3,-2,0 -xa=0,0,4,0.8,0.5,0 -xia=0,0,4,-3,-2,0 -xa=0,0,5,0.8,0.5,0 -xia=0,0,5,-3,-2,0 -xa=0,0,6,0.8,0.5,0 -xia=0,0,6,-3,-2,0 -xa=0,0,7,0.8,0.5,0 -xia=0,0,7,-3,-2,0 -xd=0,0,384,6,500 -inarow=2
[Thd 13616 CPU 6 7/01/23 15:01:11.534] 
