2002.12.19 22:27 B C:\Src\matlab\Working\$matlab_temp_file$3b7c6e34 <-- NSMA /stephen/Working $matlab_temp_file$3b7c6e34
2002.12.19 22:27 B C:\Src\matlab\Working\$matlab_temp_file$3b83f98c <-- NSMA /stephen/Working $matlab_temp_file$3b83f98c
2002.12.19 22:27 B C:\Src\matlab\Working\Align_motion.m <-- NSMA /stephen/Working Align_motion.m
2002.12.19 22:27 B C:\Src\matlab\Working\Align_tsds.m <-- NSMA /stephen/Working Align_tsds.m
2002.12.19 22:27 B C:\Src\matlab\Working\AlignNext.c <-- NSMA /stephen/Working AlignNext.c
2002.12.19 22:27 B C:\Src\matlab\Working\AlignNext.dll <-- NSMA /stephen/Working AlignNext.dll
2002.12.19 22:27 B C:\Src\matlab\Working\Alpha2Channel.m <-- NSMA /stephen/Working Alpha2Channel.m
2002.12.19 22:27 B C:\Src\matlab\Working\Analysis_dir.m <-- NSMA /stephen/Working Analysis_dir.m
2002.12.19 22:27 B C:\Src\matlab\Working\Append_to_struct.m <-- NSMA /stephen/Working Append_to_struct.m
2002.12.19 22:27 B C:\Src\matlab\Working\Assign_tet_numbers.m <-- NSMA /stephen/Working Assign_tet_numbers.m
2002.12.19 22:27 B C:\Src\matlab\Working\BI2DE.M <-- NSMA /stephen/Working BI2DE.M
2002.12.19 22:27 B C:\Src\matlab\Working\Bin_by_phase.m <-- NSMA /stephen/Working Bin_by_phase.m
2002.12.19 22:27 B C:\Src\matlab\Working\Bin_by_space.m <-- NSMA /stephen/Working Bin_by_space.m
2002.12.19 22:27 B C:\Src\matlab\Working\bin_times_by_intervals.c <-- NSMA /stephen/Working bin_times_by_intervals.c
2002.12.19 22:27 B C:\Src\matlab\Working\bin_times_by_intervals.dll <-- NSMA /stephen/Working bin_times_by_intervals.dll
2002.12.19 22:27 B C:\Src\matlab\Working\bin_times_by_intervals.m <-- NSMA /stephen/Working bin_times_by_intervals.m
2002.12.19 22:27 B C:\Src\matlab\Working\binned.m <-- NSMA /stephen/Working binned.m
2002.12.19 22:27 B C:\Src\matlab\Working\binsearch.dll <-- NSMA /stephen/Working binsearch.dll
2002.12.19 22:27 B C:\Src\matlab\Working\binsearch_floor.c <-- NSMA /stephen/Working binsearch_floor.c
2002.12.19 22:27 B C:\Src\matlab\Working\binsearch_floor.dll <-- NSMA /stephen/Working binsearch_floor.dll
2002.12.19 22:27 B C:\Src\matlab\Working\CA.M <-- NSMA /stephen/Working CA.M
2002.12.19 22:27 B C:\Src\matlab\Working\Cat_cells.m <-- NSMA /stephen/Working Cat_cells.m
2002.12.19 22:27 B C:\Src\matlab\Working\Cat_Q.m <-- NSMA /stephen/Working Cat_Q.m
2002.12.19 22:27 B C:\Src\matlab\Working\Cell_to_matrix.m <-- NSMA /stephen/Working Cell_to_matrix.m
2002.12.19 22:27 B C:\Src\matlab\Working\Center_of_mass.m <-- NSMA /stephen/Working Center_of_mass.m
2002.12.19 22:27 B C:\Src\matlab\Working\Check_range.m <-- NSMA /stephen/Working Check_range.m
2002.12.19 22:27 B C:\Src\matlab\Working\circle.m <-- NSMA /stephen/Working circle.m
2002.12.19 22:27 B C:\Src\matlab\Working\Clean_inf.m <-- NSMA /stephen/Working Clean_inf.m
2002.12.19 22:27 B C:\Src\matlab\Working\Clean_nan.m <-- NSMA /stephen/Working Clean_nan.m
2002.12.19 22:27 B C:\Src\matlab\Working\Clean_start_end.m <-- NSMA /stephen/Working Clean_start_end.m
2002.12.19 22:27 B C:\Src\matlab\Working\CleanTrackerData.m <-- NSMA /stephen/Working CleanTrackerData.m
2002.12.19 22:27 B C:\Src\matlab\Working\Closest.m <-- NSMA /stephen/Working Closest.m
2002.12.19 22:28 B C:\Src\matlab\Working\Cols.m <-- NSMA /stephen/Working Cols.m
2002.12.19 22:28 B C:\Src\matlab\Working\Combine_ctsa.m <-- NSMA /stephen/Working Combine_ctsa.m
2002.12.19 22:28 B C:\Src\matlab\Working\Compare_all_epochs.m <-- NSMA /stephen/Working Compare_all_epochs.m
2002.12.19 22:28 B C:\Src\matlab\Working\Compare_epochs.m <-- NSMA /stephen/Working Compare_epochs.m
2002.12.19 22:28 B C:\Src\matlab\Working\Condense_R.m <-- NSMA /stephen/Working Condense_R.m
2002.12.19 22:28 B C:\Src\matlab\Working\Contents.m <-- NSMA /stephen/Working Contents.m
2002.12.19 22:28 B C:\Src\matlab\Working\corrcoef_AB.m <-- NSMA /stephen/Working corrcoef_AB.m
2002.12.19 22:28 B C:\Src\matlab\Working\Count_words.m <-- NSMA /stephen/Working Count_words.m
2002.12.19 22:28 B C:\Src\matlab\Working\Create_Q.m <-- NSMA /stephen/Working Create_Q.m
2002.12.19 22:28 B C:\Src\matlab\Working\Create_Q_by_trial.m <-- NSMA /stephen/Working Create_Q_by_trial.m
2002.12.19 22:28 B C:\Src\matlab\Working\Create_waveform_matrix.m <-- NSMA /stephen/Working Create_waveform_matrix.m
2002.12.19 22:28 B C:\Src\matlab\Working\Cross_correlation.m <-- NSMA /stephen/Working Cross_correlation.m
2002.12.19 22:28 B C:\Src\matlab\Working\Cut_out_times.m <-- NSMA /stephen/Working Cut_out_times.m
2002.12.19 22:28 B C:\Src\matlab\Working\Cut_out_times2.m <-- NSMA /stephen/Working Cut_out_times2.m
2002.12.19 22:28 B C:\Src\matlab\Working\Cut_out_tsd.m <-- NSMA /stephen/Working Cut_out_tsd.m
2002.12.19 22:28 B C:\Src\matlab\Working\Data_archive.m <-- NSMA /stephen/Working Data_archive.m
2002.12.19 22:28 B C:\Src\matlab\Working\Data_categories.m <-- NSMA /stephen/Working Data_categories.m
2002.12.19 22:28 B C:\Src\matlab\Working\Data_dir.m <-- NSMA /stephen/Working Data_dir.m
2002.12.19 22:28 B C:\Src\matlab\Working\Data_dir_cell_array.m <-- NSMA /stephen/Working Data_dir_cell_array.m
2002.12.19 22:28 B C:\Src\matlab\Working\Delete_bad_tsdrecs.m <-- NSMA /stephen/Working Delete_bad_tsdrecs.m
2002.12.19 22:28 B C:\Src\matlab\Working\Density.m <-- NSMA /stephen/Working Density.m
2002.12.19 22:28 B C:\Src\matlab\Working\DisplayProgress.m <-- NSMA /stephen/Working DisplayProgress.m
2002.12.19 22:28 B C:\Src\matlab\Working\Entropy.m <-- NSMA /stephen/Working Entropy.m
2002.12.19 22:28 B C:\Src\matlab\Working\Extract_varargin.m <-- NSMA /stephen/Working Extract_varargin.m
2002.12.19 22:28 B C:\Src\matlab\Working\FeatureFileNames.m <-- NSMA /stephen/Working FeatureFileNames.m
2002.12.19 22:28 B C:\Src\matlab\Working\File_loader.m <-- NSMA /stephen/Working File_loader.m
2002.12.19 22:28 B C:\Src\matlab\Working\FILTDEMO.M <-- NSMA /stephen/Working FILTDEMO.M
2002.12.19 22:28 B C:\Src\matlab\Working\filtdemo2.m <-- NSMA /stephen/Working filtdemo2.m
2002.12.19 22:28 B C:\Src\matlab\Working\Filter_by_speed.m <-- NSMA /stephen/Working Filter_by_speed.m
2002.12.19 22:28 B C:\Src\matlab\Working\Filter_Q.m <-- NSMA /stephen/Working Filter_Q.m
2002.12.19 22:28 B C:\Src\matlab\Working\Filter_spikes.m <-- NSMA /stephen/Working Filter_spikes.m
2002.12.19 22:28 B C:\Src\matlab\Working\Filter_tsd.m <-- NSMA /stephen/Working Filter_tsd.m
2002.12.19 22:28 B C:\Src\matlab\Working\Find_end.m <-- NSMA /stephen/Working Find_end.m
2002.12.19 22:28 B C:\Src\matlab\Working\find_files.m <-- NSMA /stephen/Working find_files.m
2002.12.19 22:28 B C:\Src\matlab\Working\Find_on_same_tetrode_in_R.m <-- NSMA /stephen/Working Find_on_same_tetrode_in_R.m
2002.12.19 22:28 B C:\Src\matlab\Working\Find_peaks_troughs_zeros.m <-- NSMA /stephen/Working Find_peaks_troughs_zeros.m
2002.12.19 22:28 B C:\Src\matlab\Working\Find_start.m <-- NSMA /stephen/Working Find_start.m
2002.12.19 22:28 B C:\Src\matlab\Working\Find_string_in_ca.m <-- NSMA /stephen/Working Find_string_in_ca.m
2002.12.19 22:28 B C:\Src\matlab\Working\FindAlignNext.m <-- NSMA /stephen/Working FindAlignNext.m
2002.12.19 22:28 B C:\Src\matlab\Working\Fix_timestamps.m <-- NSMA /stephen/Working Fix_timestamps.m
2002.12.19 22:28 B C:\Src\matlab\Working\frame_figure.m <-- NSMA /stephen/Working frame_figure.m
2002.12.19 22:28 B C:\Src\matlab\Working\Frequency.m <-- NSMA /stephen/Working Frequency.m
2002.12.19 22:28 B C:\Src\matlab\Working\fu.txt <-- NSMA /stephen/Working fu.txt
2002.12.19 22:28 B C:\Src\matlab\Working\GAUSS.M <-- NSMA /stephen/Working GAUSS.M
2002.12.19 22:28 B C:\Src\matlab\Working\Gen_spike_trains.m <-- NSMA /stephen/Working Gen_spike_trains.m
2002.12.19 22:28 B C:\Src\matlab\Working\Gen_spikes.m <-- NSMA /stephen/Working Gen_spikes.m
2002.12.19 22:28 B C:\Src\matlab\Working\get_animal.m <-- NSMA /stephen/Working get_animal.m
2002.12.19 22:28 B C:\Src\matlab\Working\get_name_id.m <-- NSMA /stephen/Working get_name_id.m
2002.12.19 22:28 B C:\Src\matlab\Working\Get_symbols.m <-- NSMA /stephen/Working Get_symbols.m
2002.12.19 22:28 B C:\Src\matlab\Working\GetTimestampsNT.cpp <-- NSMA /stephen/Working GetTimestampsNT.cpp
2002.12.19 22:28 B C:\Src\matlab\Working\Ginput_pairs.m <-- NSMA /stephen/Working Ginput_pairs.m
2002.12.19 22:28 B C:\Src\matlab\Working\GODATA.M <-- NSMA /stephen/Working GODATA.M
2002.12.19 22:28 B C:\Src\matlab\Working\GSTATS.M <-- NSMA /stephen/Working GSTATS.M
2002.12.19 22:28 B C:\Src\matlab\Working\HMS.M <-- NSMA /stephen/Working HMS.M
2002.12.19 22:28 B C:\Src\matlab\Working\Hms_to_timestamp.m <-- NSMA /stephen/Working Hms_to_timestamp.m
2002.12.19 22:28 B C:\Src\matlab\Working\Home_dir.m <-- NSMA /stephen/Working Home_dir.m
2002.12.19 22:28 B C:\Src\matlab\Working\Homedir.m <-- NSMA /stephen/Working Homedir.m
2002.12.19 22:28 B C:\Src\matlab\Working\Hsmooth.m <-- NSMA /stephen/Working Hsmooth.m
2002.12.19 22:28 B C:\Src\matlab\Working\Hyper5_Tfile_list_array.m <-- NSMA /stephen/Working Hyper5_Tfile_list_array.m
2002.12.19 22:28 B C:\Src\matlab\Working\Interleave_cell_arrays.m <-- NSMA /stephen/Working Interleave_cell_arrays.m
2002.12.19 22:28 B C:\Src\matlab\Working\Interp_tsd.m <-- NSMA /stephen/Working Interp_tsd.m
2002.12.19 22:28 B C:\Src\matlab\Working\Is_int.m <-- NSMA /stephen/Working Is_int.m
2002.12.19 22:28 B C:\Src\matlab\Working\Joint_prob.m <-- NSMA /stephen/Working Joint_prob.m
2002.12.19 22:28 B C:\Src\matlab\Working\Keep_cells.m <-- NSMA /stephen/Working Keep_cells.m
2002.12.19 22:28 B C:\Src\matlab\Working\LL.M <-- NSMA /stephen/Working LL.M
2002.12.19 22:28 B C:\Src\matlab\Working\Load_file.m <-- NSMA /stephen/Working Load_file.m
2002.12.19 22:28 B C:\Src\matlab\Working\Load_neurons.m <-- NSMA /stephen/Working Load_neurons.m
2002.12.19 22:28 B C:\Src\matlab\Working\Load_neurons_old.m <-- NSMA /stephen/Working Load_neurons_old.m
2002.12.19 22:28 B C:\Src\matlab\Working\Load_position.m <-- NSMA /stephen/Working Load_position.m
2002.12.19 22:28 B C:\Src\matlab\Working\Load_Qs.m <-- NSMA /stephen/Working Load_Qs.m
2002.12.19 22:28 B C:\Src\matlab\Working\Load_Qs_as_ts.m <-- NSMA /stephen/Working Load_Qs_as_ts.m
2002.12.19 22:28 B C:\Src\matlab\Working\Load_Qts.m <-- NSMA /stephen/Working Load_Qts.m
2002.12.19 22:28 B C:\Src\matlab\Working\Load_Qtsa.m <-- NSMA /stephen/Working Load_Qtsa.m
2002.12.19 22:28 B C:\Src\matlab\Working\Load_Set_Info.m <-- NSMA /stephen/Working Load_Set_Info.m
2002.12.19 22:28 B C:\Src\matlab\Working\Load_sleep_scores.m <-- NSMA /stephen/Working Load_sleep_scores.m
2002.12.19 22:28 B C:\Src\matlab\Working\Load_spikes.m <-- NSMA /stephen/Working Load_spikes.m
2002.12.19 22:28 B C:\Src\matlab\Working\Load_tfiles.m <-- NSMA /stephen/Working Load_tfiles.m
2002.12.19 22:28 B C:\Src\matlab\Working\Load_times.m <-- NSMA /stephen/Working Load_times.m
2002.12.19 22:28 B C:\Src\matlab\Working\Load_ts_objects.m <-- NSMA /stephen/Working Load_ts_objects.m
2002.12.19 22:28 B C:\Src\matlab\Working\Load_tstamps.m <-- NSMA /stephen/Working Load_tstamps.m
2002.12.19 22:28 B C:\Src\matlab\Working\Load_Warp_SpikeData.m <-- NSMA /stephen/Working Load_Warp_SpikeData.m
2002.12.19 22:28 B C:\Src\matlab\Working\LoadTT.m <-- NSMA /stephen/Working LoadTT.m
2002.12.19 22:28 B C:\Src\matlab\Working\LoadTT0_nt.cpp <-- NSMA /stephen/Working LoadTT0_nt.cpp
2002.12.19 22:28 B C:\Src\matlab\Working\LoadTT0_nt.dll <-- NSMA /stephen/Working LoadTT0_nt.dll
2002.12.19 22:28 B C:\Src\matlab\Working\LoadTT0_nt.m <-- NSMA /stephen/Working LoadTT0_nt.m
2002.12.19 22:28 B C:\Src\matlab\Working\Mahalanobis.m <-- NSMA /stephen/Working Mahalanobis.m
2002.12.19 22:28 B C:\Src\matlab\Working\Max_cols.m <-- NSMA /stephen/Working Max_cols.m
2002.12.19 22:28 B C:\Src\matlab\Working\Max_rows.m <-- NSMA /stephen/Working Max_rows.m
2002.12.19 22:28 B C:\Src\matlab\Working\Merge_t_files.m <-- NSMA /stephen/Working Merge_t_files.m
2002.12.19 22:28 B C:\Src\matlab\Working\Multi_corr.m <-- NSMA /stephen/Working Multi_corr.m
2002.12.19 22:28 B C:\Src\matlab\Working\Multi_lines.m <-- NSMA /stephen/Working Multi_lines.m
2002.12.19 22:28 B C:\Src\matlab\Working\Multi_plot.m <-- NSMA /stephen/Working Multi_plot.m
2002.12.19 22:28 B C:\Src\matlab\Working\new_tessel.m <-- NSMA /stephen/Working new_tessel.m
2002.12.19 22:28 B C:\Src\matlab\Working\Norm_mult.m <-- NSMA /stephen/Working Norm_mult.m
2002.12.19 22:28 B C:\Src\matlab\Working\Normalize_matrix.m <-- NSMA /stephen/Working Normalize_matrix.m
2002.12.19 22:28 B C:\Src\matlab\Working\Normalize_TC.m <-- NSMA /stephen/Working Normalize_TC.m
2002.12.19 22:28 B C:\Src\matlab\Working\overlap_AB.m <-- NSMA /stephen/Working overlap_AB.m
2002.12.19 22:28 B C:\Src\matlab\Working\Pad.m <-- NSMA /stephen/Working Pad.m
2002.12.19 22:28 B C:\Src\matlab\Working\Partial.m <-- NSMA /stephen/Working Partial.m
2002.12.19 22:28 B C:\Src\matlab\Working\Prin_comp.m <-- NSMA /stephen/Working Prin_comp.m
2002.12.19 22:28 B C:\Src\matlab\Working\Print_session_info.m <-- NSMA /stephen/Working Print_session_info.m
2002.12.19 22:28 B C:\Src\matlab\Working\Print_time.m <-- NSMA /stephen/Working Print_time.m
2002.12.19 22:28 B C:\Src\matlab\Working\PURGE.M <-- NSMA /stephen/Working PURGE.M
2002.12.19 22:28 B C:\Src\matlab\Working\Quantize.m <-- NSMA /stephen/Working Quantize.m
2002.12.19 22:28 B C:\Src\matlab\Working\Radians_to_degrees.m <-- NSMA /stephen/Working Radians_to_degrees.m
2002.12.19 22:29 B C:\Src\matlab\Working\random_integer.m <-- NSMA /stephen/Working random_integer.m
2002.12.19 22:29 B C:\Src\matlab\Working\read_events_bower.m <-- NSMA /stephen/Working read_events_bower.m
2002.12.19 22:29 B C:\Src\matlab\Working\README.M <-- NSMA /stephen/Working README.M
2002.12.19 22:29 B C:\Src\matlab\Working\Remove_cells.m <-- NSMA /stephen/Working Remove_cells.m
2002.12.19 22:29 B C:\Src\matlab\Working\Remove_ctsa_nan_spikes.m <-- NSMA /stephen/Working Remove_ctsa_nan_spikes.m
2002.12.19 22:29 B C:\Src\matlab\Working\Remove_nan_spikes.m <-- NSMA /stephen/Working Remove_nan_spikes.m
2002.12.19 22:29 B C:\Src\matlab\Working\Remove_ts_from_Q.m <-- NSMA /stephen/Working Remove_ts_from_Q.m
2002.12.19 22:29 B C:\Src\matlab\Working\Remove_ts_nan_spikes.m <-- NSMA /stephen/Working Remove_ts_nan_spikes.m
2002.12.19 22:29 B C:\Src\matlab\Working\Restrict.m <-- NSMA /stephen/Working Restrict.m
2002.12.19 22:29 B C:\Src\matlab\Working\Restrict_tsarray.m <-- NSMA /stephen/Working Restrict_tsarray.m
2002.12.19 22:29 B C:\Src\matlab\Working\RESULTS.M <-- NSMA /stephen/Working RESULTS.M
2002.12.19 22:29 B C:\Src\matlab\Working\Rethreshold.m <-- NSMA /stephen/Working Rethreshold.m
2002.12.19 22:29 B C:\Src\matlab\Working\RethresholdTT_nt.cpp <-- NSMA /stephen/Working RethresholdTT_nt.cpp
2002.12.19 22:29 B C:\Src\matlab\Working\RethresholdTT_nt.dll <-- NSMA /stephen/Working RethresholdTT_nt.dll
2002.12.19 22:29 B C:\Src\matlab\Working\Rows.m <-- NSMA /stephen/Working Rows.m
2002.12.19 22:29 B C:\Src\matlab\Working\RunBatch.m <-- NSMA /stephen/Working RunBatch.m
2002.12.19 22:29 B C:\Src\matlab\Working\S_matrix.m <-- NSMA /stephen/Working S_matrix.m
2002.12.19 22:29 B C:\Src\matlab\Working\Save_as_ascii.m <-- NSMA /stephen/Working Save_as_ascii.m
2002.12.19 22:29 B C:\Src\matlab\Working\Scores_to_struct.m <-- NSMA /stephen/Working Scores_to_struct.m
2002.12.19 22:29 B C:\Src\matlab\Working\SelectAlongFirstDimension.m <-- NSMA /stephen/Working SelectAlongFirstDimension.m
2002.12.19 22:29 B C:\Src\matlab\Working\Sem.m <-- NSMA /stephen/Working Sem.m
2002.12.19 22:29 B C:\Src\matlab\Working\Sem3d.m <-- NSMA /stephen/Working Sem3d.m
2002.12.19 22:29 B C:\Src\matlab\Working\Session_info.m <-- NSMA /stephen/Working Session_info.m
2002.12.19 22:29 B C:\Src\matlab\Working\Shuffle_ISIs_in_ctsa.m <-- NSMA /stephen/Working Shuffle_ISIs_in_ctsa.m
2002.12.19 22:29 B C:\Src\matlab\Working\Sliding_average.m <-- NSMA /stephen/Working Sliding_average.m
2002.12.19 22:29 B C:\Src\matlab\Working\Sliding_stats.m <-- NSMA /stephen/Working Sliding_stats.m
2002.12.19 22:29 B C:\Src\matlab\Working\Sliding_window.m <-- NSMA /stephen/Working Sliding_window.m
2002.12.19 22:29 B C:\Src\matlab\Working\Smooth_Q.m <-- NSMA /stephen/Working Smooth_Q.m
2002.12.19 22:29 B C:\Src\matlab\Working\Smooth_tsd.m <-- NSMA /stephen/Working Smooth_tsd.m
2002.12.19 22:29 B C:\Src\matlab\Working\Smooth_vel.m <-- NSMA /stephen/Working Smooth_vel.m
2002.12.19 22:29 B C:\Src\matlab\Working\SmoothTsd.m <-- NSMA /stephen/Working SmoothTsd.m
2002.12.19 22:29 B C:\Src\matlab\Working\smoothVT.m <-- NSMA /stephen/Working smoothVT.m
2002.12.19 22:29 B C:\Src\matlab\Working\Spike_count_nt.cpp <-- NSMA /stephen/Working Spike_count_nt.cpp
2002.12.19 22:29 B C:\Src\matlab\Working\Spike_count_nt.dll <-- NSMA /stephen/Working Spike_count_nt.dll
2002.12.19 22:29 B C:\Src\matlab\Working\sqlinsert.m <-- NSMA /stephen/Working sqlinsert.m
2002.12.19 22:29 B C:\Src\matlab\Working\String_matrix_to_cell.m <-- NSMA /stephen/Working String_matrix_to_cell.m
2002.12.19 22:29 B C:\Src\matlab\Working\test_bin_ts_array.m <-- NSMA /stephen/Working test_bin_ts_array.m
2002.12.19 22:29 B C:\Src\matlab\Working\test_MakeQFromS.m <-- NSMA /stephen/Working test_MakeQFromS.m
2002.12.19 22:29 B C:\Src\matlab\Working\Thresh_compare.m <-- NSMA /stephen/Working Thresh_compare.m
2002.12.19 22:29 B C:\Src\matlab\Working\Time_lag_Multi_partial.m <-- NSMA /stephen/Working Time_lag_Multi_partial.m
2002.12.19 22:29 B C:\Src\matlab\Working\Time_string.m <-- NSMA /stephen/Working Time_string.m
2002.12.19 22:29 B C:\Src\matlab\Working\Timestamp_to_hms.m <-- NSMA /stephen/Working Timestamp_to_hms.m
2002.12.19 22:29 B C:\Src\matlab\Working\Title_page.m <-- NSMA /stephen/Working Title_page.m
2002.12.19 22:29 B C:\Src\matlab\Working\Ts_array_to_vectors.m <-- NSMA /stephen/Working Ts_array_to_vectors.m
2002.12.19 22:29 B C:\Src\matlab\Working\Tsdarray_to_tsarray.m <-- NSMA /stephen/Working Tsdarray_to_tsarray.m
2002.12.19 22:29 B C:\Src\matlab\Working\Unique_strings.m <-- NSMA /stephen/Working Unique_strings.m
2002.12.19 22:29 B C:\Src\matlab\Working\unsubplot.m <-- NSMA /stephen/Working unsubplot.m
2002.12.19 22:29 B C:\Src\matlab\Working\Vector.m <-- NSMA /stephen/Working Vector.m
2002.12.19 22:29 B C:\Src\matlab\Working\Write_ascii_matrix.m <-- NSMA /stephen/Working Write_ascii_matrix.m
2002.12.19 22:29 B C:\Src\matlab\Working\Write_fd_file.m <-- NSMA /stephen/Working Write_fd_file.m
2002.12.19 22:29 B C:\Src\matlab\Working\XCorr_coeff.m <-- NSMA /stephen/Working XCorr_coeff.m
