2002.12.19 22:18 B C:\Src\matlab\Working\Classification\Bayes_discriminator.m <-- NSMA /stephen/Working/Classification Bayes_discriminator.m
2002.12.19 22:18 B C:\Src\matlab\Working\Classification\Choose_sets.m <-- NSMA /stephen/Working/Classification Choose_sets.m
2002.12.19 22:18 B C:\Src\matlab\Working\Classification\Choose_winners.m <-- NSMA /stephen/Working/Classification Choose_winners.m
2002.12.19 22:18 B C:\Src\matlab\Working\Classification\Compare_vectors.m <-- NSMA /stephen/Working/Classification Compare_vectors.m
2002.12.19 22:18 B C:\Src\matlab\Working\Classification\Error_calculation.m <-- NSMA /stephen/Working/Classification Error_calculation.m
2002.12.19 22:18 B C:\Src\matlab\Working\Classification\EV_discriminator.m <-- NSMA /stephen/Working/Classification EV_discriminator.m
2002.12.19 22:18 B C:\Src\matlab\Working\Classification\Linear_discriminant.m <-- NSMA /stephen/Working/Classification Linear_discriminant.m
2002.12.19 22:18 B C:\Src\matlab\Working\Classification\Multi_discriminators.m <-- NSMA /stephen/Working/Classification Multi_discriminators.m
2002.12.19 22:18 B C:\Src\matlab\Working\Classification\Neuralnet_bp.m <-- NSMA /stephen/Working/Classification Neuralnet_bp.m
2002.12.19 22:18 B C:\Src\matlab\Working\Classification\Neuralnet_bp_cube_force_out.m <-- NSMA /stephen/Working/Classification Neuralnet_bp_cube_force_out.m
2002.12.19 22:18 B C:\Src\matlab\Working\Classification\Neuralnet_bp_cube_out.m <-- NSMA /stephen/Working/Classification Neuralnet_bp_cube_out.m
2002.12.19 22:18 B C:\Src\matlab\Working\Classification\Neuralnet_bp_cube_out_normW.m <-- NSMA /stephen/Working/Classification Neuralnet_bp_cube_out_normW.m
2002.12.19 22:18 B C:\Src\matlab\Working\Classification\Neuralnet_bp_erradj.m <-- NSMA /stephen/Working/Classification Neuralnet_bp_erradj.m
2002.12.19 22:18 B C:\Src\matlab\Working\Classification\Neuralnet_bp_sqr_out.m <-- NSMA /stephen/Working/Classification Neuralnet_bp_sqr_out.m
2002.12.19 22:18 B C:\Src\matlab\Working\Classification\Neuralnet_bp_sum_sqr_out.m <-- NSMA /stephen/Working/Classification Neuralnet_bp_sum_sqr_out.m
2002.12.19 22:18 B C:\Src\matlab\Working\Classification\Neuralnet_prop.m <-- NSMA /stephen/Working/Classification Neuralnet_prop.m
2002.12.19 22:18 B C:\Src\matlab\Working\Classification\Neuralnet_prop_cube_out.m <-- NSMA /stephen/Working/Classification Neuralnet_prop_cube_out.m
2002.12.19 22:18 B C:\Src\matlab\Working\Classification\Neuralnet_prop_force_cube_out.m <-- NSMA /stephen/Working/Classification Neuralnet_prop_force_cube_out.m
2002.12.19 22:18 B C:\Src\matlab\Working\Classification\Neuralnet_prop_sqr_out.m <-- NSMA /stephen/Working/Classification Neuralnet_prop_sqr_out.m
2002.12.19 22:18 B C:\Src\matlab\Working\Classification\new_tessel.m <-- NSMA /stephen/Working/Classification new_tessel.m
2002.12.19 22:18 B C:\Src\matlab\Working\Classification\PCA_discriminator.m <-- NSMA /stephen/Working/Classification PCA_discriminator.m
2002.12.19 22:18 B C:\Src\matlab\Working\Classification\PMNTANH.M <-- NSMA /stephen/Working/Classification PMNTANH.M
2002.12.19 22:18 B C:\Src\matlab\Working\Classification\State_vector_discriminator.m <-- NSMA /stephen/Working/Classification State_vector_discriminator.m
2002.12.19 22:18 B C:\Src\matlab\Working\Classification\TDNN_demo.m <-- NSMA /stephen/Working/Classification TDNN_demo.m
2002.12.19 22:18 B C:\Src\matlab\Working\Classification\Template_matching.m <-- NSMA /stephen/Working/Classification Template_matching.m
2002.12.19 22:18 B C:\Src\matlab\Working\Classification\Tessel_layer.m <-- NSMA /stephen/Working/Classification Tessel_layer.m
2002.12.19 22:18 B C:\Src\matlab\Working\Classification\Tessel_matrix.m <-- NSMA /stephen/Working/Classification Tessel_matrix.m
2002.12.19 22:18 B C:\Src\matlab\Working\Classification\Untessel_layer.m <-- NSMA /stephen/Working/Classification Untessel_layer.m
2002.12.19 22:18 B C:\Src\matlab\Working\Classification\Z_scores.m <-- NSMA /stephen/Working/Classification Z_scores.m
2005.04.26 18:19 B U:\Src\matlab\Working\Classification\Bayes_discriminator.m --> ftp.nsma.arizona.edu /Stephen/Src/Working/Classification Bayes_discriminator.m
2005.04.26 18:19 B U:\Src\matlab\Working\Classification\Choose_sets.m --> ftp.nsma.arizona.edu /Stephen/Src/Working/Classification Choose_sets.m
2005.04.26 18:19 B U:\Src\matlab\Working\Classification\Choose_winners.m --> ftp.nsma.arizona.edu /Stephen/Src/Working/Classification Choose_winners.m
2005.04.26 18:19 B U:\Src\matlab\Working\Classification\Compare_vectors.m --> ftp.nsma.arizona.edu /Stephen/Src/Working/Classification Compare_vectors.m
2005.04.26 18:19 B U:\Src\matlab\Working\Classification\Error_calculation.m --> ftp.nsma.arizona.edu /Stephen/Src/Working/Classification Error_calculation.m
2005.04.26 18:19 B U:\Src\matlab\Working\Classification\EV_discriminator.m --> ftp.nsma.arizona.edu /Stephen/Src/Working/Classification EV_discriminator.m
2005.04.26 18:19 B U:\Src\matlab\Working\Classification\leave_one_out_classify.asv --> ftp.nsma.arizona.edu /Stephen/Src/Working/Classification leave_one_out_classify.asv
2005.04.26 18:19 B U:\Src\matlab\Working\Classification\leave_one_out_classify.m --> ftp.nsma.arizona.edu /Stephen/Src/Working/Classification leave_one_out_classify.m
2005.04.26 18:19 B U:\Src\matlab\Working\Classification\Linear_discriminant.asv --> ftp.nsma.arizona.edu /Stephen/Src/Working/Classification Linear_discriminant.asv
2005.04.26 18:19 B U:\Src\matlab\Working\Classification\Linear_discriminant.m --> ftp.nsma.arizona.edu /Stephen/Src/Working/Classification Linear_discriminant.m
2005.04.26 18:19 B U:\Src\matlab\Working\Classification\Multi_discriminators.m --> ftp.nsma.arizona.edu /Stephen/Src/Working/Classification Multi_discriminators.m
2005.04.26 18:19 B U:\Src\matlab\Working\Classification\Neuralnet_bp.m --> ftp.nsma.arizona.edu /Stephen/Src/Working/Classification Neuralnet_bp.m
2005.04.26 18:19 B U:\Src\matlab\Working\Classification\Neuralnet_bp_cube_force_out.m --> ftp.nsma.arizona.edu /Stephen/Src/Working/Classification Neuralnet_bp_cube_force_out.m
2005.04.26 18:19 B U:\Src\matlab\Working\Classification\Neuralnet_bp_cube_out.m --> ftp.nsma.arizona.edu /Stephen/Src/Working/Classification Neuralnet_bp_cube_out.m
2005.04.26 18:19 B U:\Src\matlab\Working\Classification\Neuralnet_bp_cube_out_normW.m --> ftp.nsma.arizona.edu /Stephen/Src/Working/Classification Neuralnet_bp_cube_out_normW.m
2005.04.26 18:19 B U:\Src\matlab\Working\Classification\Neuralnet_bp_erradj.m --> ftp.nsma.arizona.edu /Stephen/Src/Working/Classification Neuralnet_bp_erradj.m
2005.04.26 18:19 B U:\Src\matlab\Working\Classification\Neuralnet_bp_sqr_out.m --> ftp.nsma.arizona.edu /Stephen/Src/Working/Classification Neuralnet_bp_sqr_out.m
2005.04.26 18:19 B U:\Src\matlab\Working\Classification\Neuralnet_bp_sum_sqr_out.m --> ftp.nsma.arizona.edu /Stephen/Src/Working/Classification Neuralnet_bp_sum_sqr_out.m
2005.04.26 18:19 B U:\Src\matlab\Working\Classification\Neuralnet_prop.m --> ftp.nsma.arizona.edu /Stephen/Src/Working/Classification Neuralnet_prop.m
2005.04.26 18:19 B U:\Src\matlab\Working\Classification\Neuralnet_prop_cube_out.m --> ftp.nsma.arizona.edu /Stephen/Src/Working/Classification Neuralnet_prop_cube_out.m
2005.04.26 18:19 B U:\Src\matlab\Working\Classification\Neuralnet_prop_force_cube_out.m --> ftp.nsma.arizona.edu /Stephen/Src/Working/Classification Neuralnet_prop_force_cube_out.m
2005.04.26 18:19 B U:\Src\matlab\Working\Classification\Neuralnet_prop_sqr_out.m --> ftp.nsma.arizona.edu /Stephen/Src/Working/Classification Neuralnet_prop_sqr_out.m
2005.04.26 18:19 B U:\Src\matlab\Working\Classification\new_tessel.m --> ftp.nsma.arizona.edu /Stephen/Src/Working/Classification new_tessel.m
2005.04.26 18:19 B U:\Src\matlab\Working\Classification\nn_marq_classify.m --> ftp.nsma.arizona.edu /Stephen/Src/Working/Classification nn_marq_classify.m
2005.04.26 18:19 B U:\Src\matlab\Working\Classification\PCA_discriminator.m --> ftp.nsma.arizona.edu /Stephen/Src/Working/Classification PCA_discriminator.m
2005.04.26 18:19 B U:\Src\matlab\Working\Classification\PMNTANH.M --> ftp.nsma.arizona.edu /Stephen/Src/Working/Classification PMNTANH.M
2005.04.26 18:20 B U:\Src\matlab\Working\Classification\ROC.asv --> ftp.nsma.arizona.edu /Stephen/Src/Working/Classification ROC.asv
2005.04.26 18:20 B U:\Src\matlab\Working\Classification\ROC.m --> ftp.nsma.arizona.edu /Stephen/Src/Working/Classification ROC.m
2005.04.26 18:20 B U:\Src\matlab\Working\Classification\State_vector_discriminator.m --> ftp.nsma.arizona.edu /Stephen/Src/Working/Classification State_vector_discriminator.m
2005.04.26 18:20 B U:\Src\matlab\Working\Classification\TDNN_demo.m --> ftp.nsma.arizona.edu /Stephen/Src/Working/Classification TDNN_demo.m
2005.04.26 18:20 B U:\Src\matlab\Working\Classification\Template_matching.m --> ftp.nsma.arizona.edu /Stephen/Src/Working/Classification Template_matching.m
2005.04.26 18:20 B U:\Src\matlab\Working\Classification\Tessel_layer.m --> ftp.nsma.arizona.edu /Stephen/Src/Working/Classification Tessel_layer.m
2005.04.26 18:20 B U:\Src\matlab\Working\Classification\Tessel_matrix.m --> ftp.nsma.arizona.edu /Stephen/Src/Working/Classification Tessel_matrix.m
2005.04.26 18:20 B U:\Src\matlab\Working\Classification\Untessel_layer.m --> ftp.nsma.arizona.edu /Stephen/Src/Working/Classification Untessel_layer.m
2005.04.26 18:20 B U:\Src\matlab\Working\Classification\WS_FTP.LOG --> ftp.nsma.arizona.edu /Stephen/Src/Working/Classification WS_FTP.LOG
2005.04.26 18:20 B U:\Src\matlab\Working\Classification\Z_scores.m --> ftp.nsma.arizona.edu /Stephen/Src/Working/Classification Z_scores.m
