2002.12.19 22:18 B C:\Src\matlab\Working\Neural_Data_Analysis\Apply_feature_bounds.m <-- NSMA /stephen/Working/Neural_Data_Analysis Apply_feature_bounds.m
2002.12.19 22:18 B C:\Src\matlab\Working\Neural_Data_Analysis\Artificial_place_cells.m <-- NSMA /stephen/Working/Neural_Data_Analysis Artificial_place_cells.m
2002.12.19 22:18 B C:\Src\matlab\Working\Neural_Data_Analysis\AutoCorr.c <-- NSMA /stephen/Working/Neural_Data_Analysis AutoCorr.c
2002.12.19 22:18 B C:\Src\matlab\Working\Neural_Data_Analysis\AutoCorr.dll <-- NSMA /stephen/Working/Neural_Data_Analysis AutoCorr.dll
2002.12.19 22:18 B C:\Src\matlab\Working\Neural_Data_Analysis\Bias_Skaggs.m <-- NSMA /stephen/Working/Neural_Data_Analysis Bias_Skaggs.m
2002.12.19 22:18 B C:\Src\matlab\Working\Neural_Data_Analysis\Bin_ts_array.m <-- NSMA /stephen/Working/Neural_Data_Analysis Bin_ts_array.m
2002.12.19 22:18 B C:\Src\matlab\Working\Neural_Data_Analysis\Burst_detector.m <-- NSMA /stephen/Working/Neural_Data_Analysis Burst_detector.m
2002.12.19 22:18 B C:\Src\matlab\Working\Neural_Data_Analysis\calc_react_from_struct.m <-- NSMA /stephen/Working/Neural_Data_Analysis calc_react_from_struct.m
2002.12.19 22:18 B C:\Src\matlab\Working\Neural_Data_Analysis\Cell_data_sheet.m <-- NSMA /stephen/Working/Neural_Data_Analysis Cell_data_sheet.m
2002.12.19 22:18 B C:\Src\matlab\Working\Neural_Data_Analysis\Center_of_mass_McNaughton.m <-- NSMA /stephen/Working/Neural_Data_Analysis Center_of_mass_McNaughton.m
2002.12.19 22:18 B C:\Src\matlab\Working\Neural_Data_Analysis\check_eeg.m <-- NSMA /stephen/Working/Neural_Data_Analysis check_eeg.m
2002.12.19 22:18 B C:\Src\matlab\Working\Neural_Data_Analysis\CleanSESpikeFiles.m <-- NSMA /stephen/Working/Neural_Data_Analysis CleanSESpikeFiles.m
2002.12.19 22:18 B C:\Src\matlab\Working\Neural_Data_Analysis\Coeff_compare.m <-- NSMA /stephen/Working/Neural_Data_Analysis Coeff_compare.m
2002.12.19 22:18 B C:\Src\matlab\Working\Neural_Data_Analysis\CR2EEG.M <-- NSMA /stephen/Working/Neural_Data_Analysis CR2EEG.M
2002.12.19 22:18 B C:\Src\matlab\Working\Neural_Data_Analysis\CR2SE_chg_width.M <-- NSMA /stephen/Working/Neural_Data_Analysis CR2SE_chg_width.M
2002.12.19 22:18 B C:\Src\matlab\Working\Neural_Data_Analysis\CR_to_ctsd.m <-- NSMA /stephen/Working/Neural_Data_Analysis CR_to_ctsd.m
2002.12.19 22:18 B C:\Src\matlab\Working\Neural_Data_Analysis\CR_to_tsd.m <-- NSMA /stephen/Working/Neural_Data_Analysis CR_to_tsd.m
2002.12.19 22:18 B C:\Src\matlab\Working\Neural_Data_Analysis\CR_to_vecs.m <-- NSMA /stephen/Working/Neural_Data_Analysis CR_to_vecs.m
2002.12.19 22:18 B C:\Src\matlab\Working\Neural_Data_Analysis\Create_t_file_from_bounds.m <-- NSMA /stephen/Working/Neural_Data_Analysis Create_t_file_from_bounds.m
2002.12.19 22:18 B C:\Src\matlab\Working\Neural_Data_Analysis\CrossCorr.c <-- NSMA /stephen/Working/Neural_Data_Analysis CrossCorr.c
2002.12.19 22:19 B C:\Src\matlab\Working\Neural_Data_Analysis\CrossCorr.dll <-- NSMA /stephen/Working/Neural_Data_Analysis CrossCorr.dll
2002.12.19 22:19 B C:\Src\matlab\Working\Neural_Data_Analysis\CrossCorrCount.c <-- NSMA /stephen/Working/Neural_Data_Analysis CrossCorrCount.c
2002.12.19 22:19 B C:\Src\matlab\Working\Neural_Data_Analysis\CrossCorrCount.dll <-- NSMA /stephen/Working/Neural_Data_Analysis CrossCorrCount.dll
2002.12.19 22:19 B C:\Src\matlab\Working\Neural_Data_Analysis\Determine_feature_bounds.m <-- NSMA /stephen/Working/Neural_Data_Analysis Determine_feature_bounds.m
2002.12.19 22:19 B C:\Src\matlab\Working\Neural_Data_Analysis\Event_merge.m <-- NSMA /stephen/Working/Neural_Data_Analysis Event_merge.m
2002.12.19 22:19 B C:\Src\matlab\Working\Neural_Data_Analysis\Filter_200hz.m <-- NSMA /stephen/Working/Neural_Data_Analysis Filter_200hz.m
2002.12.19 22:19 B C:\Src\matlab\Working\Neural_Data_Analysis\Filter_7hz.m <-- NSMA /stephen/Working/Neural_Data_Analysis Filter_7hz.m
2002.12.19 22:19 B C:\Src\matlab\Working\Neural_Data_Analysis\Find_on_same_tetrode_in_R.m <-- NSMA /stephen/Working/Neural_Data_Analysis Find_on_same_tetrode_in_R.m
2002.12.19 22:19 B C:\Src\matlab\Working\Neural_Data_Analysis\Find_peaks_troughs_zeros.m <-- NSMA /stephen/Working/Neural_Data_Analysis Find_peaks_troughs_zeros.m
2002.12.19 22:19 B C:\Src\matlab\Working\Neural_Data_Analysis\FindRippleIntervals.m <-- NSMA /stephen/Working/Neural_Data_Analysis FindRippleIntervals.m
2002.12.19 22:19 B C:\Src\matlab\Working\Neural_Data_Analysis\Fix_CR.cpp <-- NSMA /stephen/Working/Neural_Data_Analysis Fix_CR.cpp
2002.12.19 22:19 B C:\Src\matlab\Working\Neural_Data_Analysis\GDF_creator.m <-- NSMA /stephen/Working/Neural_Data_Analysis GDF_creator.m
2002.12.19 22:19 B C:\Src\matlab\Working\Neural_Data_Analysis\Gen_spike_trains.m <-- NSMA /stephen/Working/Neural_Data_Analysis Gen_spike_trains.m
2002.12.19 22:19 B C:\Src\matlab\Working\Neural_Data_Analysis\Gen_spikes.m <-- NSMA /stephen/Working/Neural_Data_Analysis Gen_spikes.m
2002.12.19 22:19 B C:\Src\matlab\Working\Neural_Data_Analysis\ISI_by_cycle.m <-- NSMA /stephen/Working/Neural_Data_Analysis ISI_by_cycle.m
2002.12.19 22:19 B C:\Src\matlab\Working\Neural_Data_Analysis\Keep_cells.m <-- NSMA /stephen/Working/Neural_Data_Analysis Keep_cells.m
2002.12.19 22:19 B C:\Src\matlab\Working\Neural_Data_Analysis\load_waveform_file.m <-- NSMA /stephen/Working/Neural_Data_Analysis load_waveform_file.m
2002.12.19 22:19 B C:\Src\matlab\Working\Neural_Data_Analysis\Multi_partial.m <-- NSMA /stephen/Working/Neural_Data_Analysis Multi_partial.m
2002.12.19 22:19 B C:\Src\matlab\Working\Neural_Data_Analysis\Multi_partial_timeshift.m <-- NSMA /stephen/Working/Neural_Data_Analysis Multi_partial_timeshift.m
2002.12.19 22:19 B C:\Src\matlab\Working\Neural_Data_Analysis\Multi_partial_x_timeshift.m <-- NSMA /stephen/Working/Neural_Data_Analysis Multi_partial_x_timeshift.m
2002.12.19 22:19 B C:\Src\matlab\Working\Neural_Data_Analysis\Partial_r.m <-- NSMA /stephen/Working/Neural_Data_Analysis Partial_r.m
2002.12.19 22:19 B C:\Src\matlab\Working\Neural_Data_Analysis\Partial_r_react.m <-- NSMA /stephen/Working/Neural_Data_Analysis Partial_r_react.m
2002.12.19 22:19 B C:\Src\matlab\Working\Neural_Data_Analysis\Pearsons_r.m <-- NSMA /stephen/Working/Neural_Data_Analysis Pearsons_r.m
2002.12.19 22:19 B C:\Src\matlab\Working\Neural_Data_Analysis\Phase_detector.m <-- NSMA /stephen/Working/Neural_Data_Analysis Phase_detector.m
2002.12.19 22:19 B C:\Src\matlab\Working\Neural_Data_Analysis\Phase_precession.m <-- NSMA /stephen/Working/Neural_Data_Analysis Phase_precession.m
2002.12.19 22:19 B C:\Src\matlab\Working\Neural_Data_Analysis\poisson_spiketrain.m <-- NSMA /stephen/Working/Neural_Data_Analysis poisson_spiketrain.m
2002.12.19 22:19 B C:\Src\matlab\Working\Neural_Data_Analysis\process_eeg.m <-- NSMA /stephen/Working/Neural_Data_Analysis process_eeg.m
2002.12.19 22:19 B C:\Src\matlab\Working\Neural_Data_Analysis\process_eeg2.m <-- NSMA /stephen/Working/Neural_Data_Analysis process_eeg2.m
2002.12.19 22:19 B C:\Src\matlab\Working\Neural_Data_Analysis\Quantify_phase_precession.m <-- NSMA /stephen/Working/Neural_Data_Analysis Quantify_phase_precession.m
2002.12.19 22:19 B C:\Src\matlab\Working\Neural_Data_Analysis\R_matrix.m <-- NSMA /stephen/Working/Neural_Data_Analysis R_matrix.m
2002.12.19 22:19 B C:\Src\matlab\Working\Neural_Data_Analysis\ReadCR.m <-- NSMA /stephen/Working/Neural_Data_Analysis ReadCR.m
2002.12.19 22:19 B C:\Src\matlab\Working\Neural_Data_Analysis\ReadCR_get_info.cpp <-- NSMA /stephen/Working/Neural_Data_Analysis ReadCR_get_info.cpp
2002.12.19 22:19 B C:\Src\matlab\Working\Neural_Data_Analysis\ReadCR_get_info.dll <-- NSMA /stephen/Working/Neural_Data_Analysis ReadCR_get_info.dll
2002.12.19 22:19 B C:\Src\matlab\Working\Neural_Data_Analysis\ReadCR_get_info_old.cpp <-- NSMA /stephen/Working/Neural_Data_Analysis ReadCR_get_info_old.cpp
2002.12.19 22:19 B C:\Src\matlab\Working\Neural_Data_Analysis\ReadCR_nt.cpp <-- NSMA /stephen/Working/Neural_Data_Analysis ReadCR_nt.cpp
2002.12.19 22:19 B C:\Src\matlab\Working\Neural_Data_Analysis\ReadCR_nt.dll <-- NSMA /stephen/Working/Neural_Data_Analysis ReadCR_nt.dll
2002.12.19 22:19 B C:\Src\matlab\Working\Neural_Data_Analysis\ReadCR_nt_partial_load_old.dll <-- NSMA /stephen/Working/Neural_Data_Analysis ReadCR_nt_partial_load_old.dll
2002.12.19 22:19 B C:\Src\matlab\Working\Neural_Data_Analysis\ReadCR_partial_load.cpp <-- NSMA /stephen/Working/Neural_Data_Analysis ReadCR_partial_load.cpp
2002.12.19 22:19 B C:\Src\matlab\Working\Neural_Data_Analysis\ReadCR_partial_load.dll <-- NSMA /stephen/Working/Neural_Data_Analysis ReadCR_partial_load.dll
2002.12.19 22:19 B C:\Src\matlab\Working\Neural_Data_Analysis\ReadCR_to_matrix.m <-- NSMA /stephen/Working/Neural_Data_Analysis ReadCR_to_matrix.m
2002.12.19 22:19 B C:\Src\matlab\Working\Neural_Data_Analysis\ReadCR_tsd.m <-- NSMA /stephen/Working/Neural_Data_Analysis ReadCR_tsd.m
2002.12.19 22:19 B C:\Src\matlab\Working\Neural_Data_Analysis\ReadCRold.m <-- NSMA /stephen/Working/Neural_Data_Analysis ReadCRold.m
2002.12.19 22:19 B C:\Src\matlab\Working\Neural_Data_Analysis\ReadCSC_nt_partial_load.cpp <-- NSMA /stephen/Working/Neural_Data_Analysis ReadCSC_nt_partial_load.cpp
2002.12.19 22:19 B C:\Src\matlab\Working\Neural_Data_Analysis\Regress_compare.m <-- NSMA /stephen/Working/Neural_Data_Analysis Regress_compare.m
2002.12.19 22:19 B C:\Src\matlab\Working\Neural_Data_Analysis\Remove_unwanted_cells.m <-- NSMA /stephen/Working/Neural_Data_Analysis Remove_unwanted_cells.m
2002.12.19 22:19 B C:\Src\matlab\Working\Neural_Data_Analysis\RemoveCoincidenceSE.m <-- NSMA /stephen/Working/Neural_Data_Analysis RemoveCoincidenceSE.m
2002.12.19 22:19 B C:\Src\matlab\Working\Neural_Data_Analysis\Ripple_times.m <-- NSMA /stephen/Working/Neural_Data_Analysis Ripple_times.m
2002.12.19 22:19 B C:\Src\matlab\Working\Neural_Data_Analysis\Sliding_entropy.m <-- NSMA /stephen/Working/Neural_Data_Analysis Sliding_entropy.m
2002.12.19 22:19 B C:\Src\matlab\Working\Neural_Data_Analysis\Sliding_partial_r.m <-- NSMA /stephen/Working/Neural_Data_Analysis Sliding_partial_r.m
2002.12.19 22:19 B C:\Src\matlab\Working\Neural_Data_Analysis\Sliding_pdist.m <-- NSMA /stephen/Working/Neural_Data_Analysis Sliding_pdist.m
2002.12.19 22:19 B C:\Src\matlab\Working\Neural_Data_Analysis\Sliding_r.m <-- NSMA /stephen/Working/Neural_Data_Analysis Sliding_r.m
2002.12.19 22:19 B C:\Src\matlab\Working\Neural_Data_Analysis\Spike_precision.m <-- NSMA /stephen/Working/Neural_Data_Analysis Spike_precision.m
2002.12.19 22:19 B C:\Src\matlab\Working\Neural_Data_Analysis\Spike_times_from_TT_nt.cpp <-- NSMA /stephen/Working/Neural_Data_Analysis Spike_times_from_TT_nt.cpp
2002.12.19 22:19 B C:\Src\matlab\Working\Neural_Data_Analysis\Spike_times_from_TT_nt.dll <-- NSMA /stephen/Working/Neural_Data_Analysis Spike_times_from_TT_nt.dll
2002.12.19 22:19 B C:\Src\matlab\Working\Neural_Data_Analysis\Split_tt_files.m <-- NSMA /stephen/Working/Neural_Data_Analysis Split_tt_files.m
2002.12.19 22:19 B C:\Src\matlab\Working\Neural_Data_Analysis\Split_tt_files_by_block.m <-- NSMA /stephen/Working/Neural_Data_Analysis Split_tt_files_by_block.m
2002.12.19 22:19 B C:\Src\matlab\Working\Neural_Data_Analysis\Split_tt_filesold.m <-- NSMA /stephen/Working/Neural_Data_Analysis Split_tt_filesold.m
2002.12.19 22:19 B C:\Src\matlab\Working\Neural_Data_Analysis\Summarize_epochs.m <-- NSMA /stephen/Working/Neural_Data_Analysis Summarize_epochs.m
2002.12.19 22:19 B C:\Src\matlab\Working\Neural_Data_Analysis\TEST.M <-- NSMA /stephen/Working/Neural_Data_Analysis TEST.M
2002.12.19 22:19 B C:\Src\matlab\Working\Neural_Data_Analysis\WaveformCutter.m <-- NSMA /stephen/Working/Neural_Data_Analysis WaveformCutter.m
2002.12.19 22:19 B C:\Src\matlab\Working\Neural_Data_Analysis\Write_partial_TT.m <-- NSMA /stephen/Working/Neural_Data_Analysis Write_partial_TT.m
2005.04.26 18:20 B U:\Src\matlab\Working\Neural_Data_Analysis\Apply_feature_bounds.m --> ftp.nsma.arizona.edu /Stephen/Src/Working/Neural_Data_Analysis Apply_feature_bounds.m
2005.04.26 18:20 B U:\Src\matlab\Working\Neural_Data_Analysis\Artificial_place_cells.m --> ftp.nsma.arizona.edu /Stephen/Src/Working/Neural_Data_Analysis Artificial_place_cells.m
2005.04.26 18:20 B U:\Src\matlab\Working\Neural_Data_Analysis\ATLAS.mat --> ftp.nsma.arizona.edu /Stephen/Src/Working/Neural_Data_Analysis ATLAS.mat
2005.04.26 18:20 B U:\Src\matlab\Working\Neural_Data_Analysis\AutoCorr.c --> ftp.nsma.arizona.edu /Stephen/Src/Working/Neural_Data_Analysis AutoCorr.c
2005.04.26 18:20 B U:\Src\matlab\Working\Neural_Data_Analysis\AutoCorr.dll --> ftp.nsma.arizona.edu /Stephen/Src/Working/Neural_Data_Analysis AutoCorr.dll
2005.04.26 18:20 B U:\Src\matlab\Working\Neural_Data_Analysis\Bias_Skaggs.m --> ftp.nsma.arizona.edu /Stephen/Src/Working/Neural_Data_Analysis Bias_Skaggs.m
2005.04.26 18:20 B U:\Src\matlab\Working\Neural_Data_Analysis\Bin_ts_array.asv --> ftp.nsma.arizona.edu /Stephen/Src/Working/Neural_Data_Analysis Bin_ts_array.asv
2005.04.26 18:20 B U:\Src\matlab\Working\Neural_Data_Analysis\Bin_ts_array.m --> ftp.nsma.arizona.edu /Stephen/Src/Working/Neural_Data_Analysis Bin_ts_array.m
2005.04.26 18:20 B U:\Src\matlab\Working\Neural_Data_Analysis\Burst_detector.m --> ftp.nsma.arizona.edu /Stephen/Src/Working/Neural_Data_Analysis Burst_detector.m
2005.04.26 18:20 B U:\Src\matlab\Working\Neural_Data_Analysis\calc_react_from_struct.m --> ftp.nsma.arizona.edu /Stephen/Src/Working/Neural_Data_Analysis calc_react_from_struct.m
2005.04.26 18:20 B U:\Src\matlab\Working\Neural_Data_Analysis\Cell_data_sheet.m --> ftp.nsma.arizona.edu /Stephen/Src/Working/Neural_Data_Analysis Cell_data_sheet.m
2005.04.26 18:20 B U:\Src\matlab\Working\Neural_Data_Analysis\Center_of_mass_McNaughton.m --> ftp.nsma.arizona.edu /Stephen/Src/Working/Neural_Data_Analysis Center_of_mass_McNaughton.m
2005.04.26 18:20 B U:\Src\matlab\Working\Neural_Data_Analysis\check_eeg.m --> ftp.nsma.arizona.edu /Stephen/Src/Working/Neural_Data_Analysis check_eeg.m
2005.04.26 18:20 B U:\Src\matlab\Working\Neural_Data_Analysis\CleanSESpikeFiles.m --> ftp.nsma.arizona.edu /Stephen/Src/Working/Neural_Data_Analysis CleanSESpikeFiles.m
2005.04.26 18:20 B U:\Src\matlab\Working\Neural_Data_Analysis\Coeff_compare.m --> ftp.nsma.arizona.edu /Stephen/Src/Working/Neural_Data_Analysis Coeff_compare.m
2005.04.26 18:20 B U:\Src\matlab\Working\Neural_Data_Analysis\Compare_Cheetah_Parameters.asv --> ftp.nsma.arizona.edu /Stephen/Src/Working/Neural_Data_Analysis Compare_Cheetah_Parameters.asv
2005.04.26 18:20 B U:\Src\matlab\Working\Neural_Data_Analysis\Compare_Cheetah_Parameters.m --> ftp.nsma.arizona.edu /Stephen/Src/Working/Neural_Data_Analysis Compare_Cheetah_Parameters.m
2005.04.26 18:20 B U:\Src\matlab\Working\Neural_Data_Analysis\CrossCorr.c --> ftp.nsma.arizona.edu /Stephen/Src/Working/Neural_Data_Analysis CrossCorr.c
2005.04.26 18:20 B U:\Src\matlab\Working\Neural_Data_Analysis\CrossCorr.dll --> ftp.nsma.arizona.edu /Stephen/Src/Working/Neural_Data_Analysis CrossCorr.dll
2005.04.26 18:20 B U:\Src\matlab\Working\Neural_Data_Analysis\Crosscorr_from_files.m --> ftp.nsma.arizona.edu /Stephen/Src/Working/Neural_Data_Analysis Crosscorr_from_files.m
2005.04.26 18:20 B U:\Src\matlab\Working\Neural_Data_Analysis\CrossCorrCount.c --> ftp.nsma.arizona.edu /Stephen/Src/Working/Neural_Data_Analysis CrossCorrCount.c
2005.04.26 18:20 B U:\Src\matlab\Working\Neural_Data_Analysis\CrossCorrCount.dll --> ftp.nsma.arizona.edu /Stephen/Src/Working/Neural_Data_Analysis CrossCorrCount.dll
2005.04.26 18:20 B U:\Src\matlab\Working\Neural_Data_Analysis\CSC_to_coherence.m --> ftp.nsma.arizona.edu /Stephen/Src/Working/Neural_Data_Analysis CSC_to_coherence.m
2005.04.26 18:20 B U:\Src\matlab\Working\Neural_Data_Analysis\CSC_to_r_matrices.asv --> ftp.nsma.arizona.edu /Stephen/Src/Working/Neural_Data_Analysis CSC_to_r_matrices.asv
2005.04.26 18:20 B U:\Src\matlab\Working\Neural_Data_Analysis\CSC_to_r_matrices.m --> ftp.nsma.arizona.edu /Stephen/Src/Working/Neural_Data_Analysis CSC_to_r_matrices.m
2005.04.26 18:20 B U:\Src\matlab\Working\Neural_Data_Analysis\CSC_to_r_matrices_old.m --> ftp.nsma.arizona.edu /Stephen/Src/Working/Neural_Data_Analysis CSC_to_r_matrices_old.m
2005.04.26 18:20 B U:\Src\matlab\Working\Neural_Data_Analysis\Determine_feature_bounds.m --> ftp.nsma.arizona.edu /Stephen/Src/Working/Neural_Data_Analysis Determine_feature_bounds.m
2005.04.26 18:20 B U:\Src\matlab\Working\Neural_Data_Analysis\Draw_electrode_positions.m --> ftp.nsma.arizona.edu /Stephen/Src/Working/Neural_Data_Analysis Draw_electrode_positions.m
2005.04.26 18:20 B U:\Src\matlab\Working\Neural_Data_Analysis\EMG_detector.asv --> ftp.nsma.arizona.edu /Stephen/Src/Working/Neural_Data_Analysis EMG_detector.asv
2005.04.26 18:20 B U:\Src\matlab\Working\Neural_Data_Analysis\EMG_detector.m --> ftp.nsma.arizona.edu /Stephen/Src/Working/Neural_Data_Analysis EMG_detector.m
2005.04.26 18:20 B U:\Src\matlab\Working\Neural_Data_Analysis\EP_Data_Structure.m --> ftp.nsma.arizona.edu /Stephen/Src/Working/Neural_Data_Analysis EP_Data_Structure.m
2005.04.26 18:20 B U:\Src\matlab\Working\Neural_Data_Analysis\EP_Data_Structure_v0.m --> ftp.nsma.arizona.edu /Stephen/Src/Working/Neural_Data_Analysis EP_Data_Structure_v0.m
2005.04.26 18:22 B U:\Src\matlab\Working\Neural_Data_Analysis\Event_merge.m --> ftp.nsma.arizona.edu /Stephen/Src/Working/Neural_Data_Analysis Event_merge.m
